#
# A fatal error has been detected by the Java Runtime Environment:
#
#  SIGSEGV (0xb) at pc=0x00007f815a72e0cf, pid=5837, tid=140193242056448
#
# JRE version: 6.0_33-b33
# Java VM: OpenJDK 64-Bit Server VM (23.25-b01 mixed mode linux-amd64 compressed oops)
# Derivative: IcedTea6 1.13.5
# Distribution: Debian GNU/Linux 7.6 (wheezy), package 6b33-1.13.5-2~deb7u1
# Problematic frame:
# J  java.awt.Container.dispatchEventImpl(Ljava/awt/AWTEvent;)V
#
# Failed to write core dump. Core dumps have been disabled. To enable core dumping, try "ulimit -c unlimited" before starting Java again
#
# If you would like to submit a bug report, please include
# instructions how to reproduce the bug and visit:
#   http://icedtea.classpath.org/bugzilla
#

---------------  T H R E A D  ---------------

Current thread (0x00007f814c4d2800):  JavaThread "AWT-EventQueue-0" [_thread_in_Java, id=5854, stack(0x00007f8148548000,0x00007f8148649000)]

siginfo:si_signo=SIGSEGV: si_errno=0, si_code=1 (SEGV_MAPERR), si_addr=0x0000000000000008

Registers:
RAX=0x0000000000000000, RBX=0x00000000938a80f8, RCX=0x00000000938a80f8, RDX=0x0000000000000001
RSP=0x00007f8148646970, RBP=0x0000000000000000, RSI=0x000000009358a0e8, RDI=0x00007f815a72e074
R8 =0x00000000938a80f8, R9 =0x000000009358a0e8, R10=0x00000000dce4a2b0, R11=0x0000000000000000
R12=0x0000000000000000, R13=0x0000000088eba160, R14=0x00007f8148646968, R15=0x00007f814c4d2800
RIP=0x00007f815a72e0cf, EFLAGS=0x0000000000010246, CSGSFS=0x0000000000000033, ERR=0x0000000000000004
  TRAPNO=0x000000000000000e

Top of Stack: (sp=0x00007f8148646970)
0x00007f8148646970:   8975e75000000000 000000009358a0e8
0x00007f8148646980:   00000000de0a34a0 00000000dcdc9f58
0x00007f8148646990:   93886ba800000001 00000000de1d8d88
0x00007f81486469a0:   0000000093886ba8 00007f814c391470
0x00007f81486469b0:   00007f814c3914d8 00000000938b6938
0x00007f81486469c0:   00007f8148646af0 00007f814c4d2800
0x00007f81486469d0:   0000000000000001 00007f8148646af0
0x00007f81486469e0:   00007f8148646a48 00007f815a51fe9a
0x00007f81486469f0:   00007f815a51fe9a 00000000dcdc9f58
0x00007f8148646a00:   00000000de0a34a0 00007f8148646a08
0x00007f8148646a10:   0000000089132c1b 00007f8148646a60
0x00007f8148646a20:   0000000089252a80 000000008a0ff3d0
0x00007f8148646a30:   0000000089132c48 00007f81486469f8
0x00007f8148646a40:   00007f8148646a70 0000000089297230
0x00007f8148646a50:   00007f815a69dc7c 00000000dcdc9f58
0x00007f8148646a60:   00000000de0a34a0 00007f815a69dc7c
0x00007f8148646a70:   8975e750dcdc9f58 000000008975e750
0x00007f8148646a80:   00000000dcdc9f58 00007f814c4d2800
0x00007f8148646a90:   000000000136f3c0 00007f815f9f9700
0x00007f8148646aa0:   00007f814c4d29d8 000000000136f3d0
0x00007f8148646ab0:   00007f8148646b30 00007f815a51a4f7
0x00007f8148646ac0:   00007f815a51a4f7 00000000dce4bd90
0x00007f8148646ad0:   00007f8100001fa0 000000000136f3c8
0x00007f8148646ae0:   00007f8148646c40 00007f8148646c70
0x00007f8148646af0:   00007f814c4d2800 000000000136f3d0
0x00007f8148646b00:   00007f8148646b90 00007f8148646c48
0x00007f8148646b10:   00007f810000000c 000000008995b168
0x00007f8148646b20:   00007f815a552a20 00007f8148646c78
0x00007f8148646b30:   00007f8148646c00 00007f815f266d5e
0x00007f8148646b40:   00007f8100000001 00007f814c4d2800
0x00007f8148646b50:   00007f815a552a20 010000000000000c
0x00007f8148646b60:   00007f814c4d2800 00007f814c4d2fa0 

Instructions: (pc=0x00007f815a72e0cf)
0x00007f815a72e0af:   43 0c 45 85 c0 74 0e 49 8b d3 48 8b 74 24 08 90
0x00007f815a72e0bf:   e8 9c 3b e2 ff 66 66 90 e8 d4 c1 f7 ff 48 8b e8
0x00007f815a72e0cf:   44 8b 58 08 4d 8b 43 68 49 ba 28 8e a6 89 00 00
0x00007f815a72e0df:   00 00 4d 3b c2 0f 85 f2 01 00 00 41 81 fb 68 ae 

Register to memory mapping:

RAX=0x0000000000000000 is an unknown value
RBX=0x00000000938a80f8 is an oop
java.awt.EventDispatchThread 
 - klass: 'java/awt/EventDispatchThread'
RCX=0x00000000938a80f8 is an oop
java.awt.EventDispatchThread 
 - klass: 'java/awt/EventDispatchThread'
RDX=0x0000000000000001 is an unknown value
RSP=0x00007f8148646970 is pointing into the stack for thread: 0x00007f814c4d2800
RBP=0x0000000000000000 is an unknown value
RSI=0x000000009358a0e8 is an oop
java.util.concurrent.locks.ReentrantLock$NonfairSync 
 - klass: 'java/util/concurrent/locks/ReentrantLock$NonfairSync'
RDI=0x00007f815a72b2d0 [CodeBlob (0x00007f815a72b2d0)]
Framesize: 16
R8 =0x00000000938a80f8 is an oop
java.awt.EventDispatchThread 
 - klass: 'java/awt/EventDispatchThread'
R9 =0x000000009358a0e8 is an oop
java.util.concurrent.locks.ReentrantLock$NonfairSync 
 - klass: 'java/util/concurrent/locks/ReentrantLock$NonfairSync'
R10=0x00000000dce4a2b0 is an oop
java.util.concurrent.locks.AbstractQueuedSynchronizer$Node 
 - klass: 'java/util/concurrent/locks/AbstractQueuedSynchronizer$Node'
R11=0x0000000000000000 is an unknown value
R12=0x0000000000000000 is an unknown value
R13=0x0000000088eba160 is an oop
{method} 
 - klass: {other class}
R14=0x00007f8148646968 is pointing into the stack for thread: 0x00007f814c4d2800
R15=0x00007f814c4d2800 is a thread


Stack: [0x00007f8148548000,0x00007f8148649000],  sp=0x00007f8148646970,  free space=1018k
Native frames: (J=compiled Java code, j=interpreted, Vv=VM code, C=native code)
J  java.awt.Container.dispatchEventImpl(Ljava/awt/AWTEvent;)V

[error occurred during error reporting (printing native stack), id 0xb]


---------------  P R O C E S S  ---------------

Java Threads: ( => current thread )
  0x00007f814c607800 JavaThread "DestroyJavaVM" [_thread_blocked, id=5838, stack(0x00007f81606be000,0x00007f81607bf000)]
  0x00007f814c5ce000 JavaThread "TimerQueue" daemon [_thread_blocked, id=5857, stack(0x00007f8147e2a000,0x00007f8147f2b000)]
=>0x00007f814c4d2800 JavaThread "AWT-EventQueue-0" [_thread_in_Java, id=5854, stack(0x00007f8148548000,0x00007f8148649000)]
  0x00007f814c4d1000 JavaThread "AWT-Shutdown" [_thread_blocked, id=5853, stack(0x00007f8148649000,0x00007f814874a000)]
  0x00007f814c2a4800 JavaThread "AWT-XAWT" daemon [_thread_in_native, id=5852, stack(0x00007f81514dc000,0x00007f81515dd000)]
  0x00007f814c1f3000 JavaThread "Java2D Disposer" daemon [_thread_blocked, id=5851, stack(0x00007f8151860000,0x00007f8151961000)]
  0x00007f814c006800 JavaThread "Low Memory Detector" daemon [_thread_blocked, id=5849, stack(0x00007f815362d000,0x00007f815372e000)]
  0x00007f814c004000 JavaThread "C2 CompilerThread1" daemon [_thread_blocked, id=5848, stack(0x00007f815372e000,0x00007f815382f000)]
  0x00007f814c001000 JavaThread "C2 CompilerThread0" daemon [_thread_blocked, id=5847, stack(0x00007f815382f000,0x00007f8153930000)]
  0x0000000001328000 JavaThread "Signal Dispatcher" daemon [_thread_blocked, id=5846, stack(0x00007f8153930000,0x00007f8153a31000)]
  0x00000000012d3800 JavaThread "Finalizer" daemon [_thread_blocked, id=5845, stack(0x00007f8153ba8000,0x00007f8153ca9000)]
  0x00000000012d1800 JavaThread "Reference Handler" daemon [_thread_blocked, id=5844, stack(0x00007f8153ca9000,0x00007f8153daa000)]

Other Threads:
  0x00000000012c2800 VMThread [stack: 0x00007f8153daa000,0x00007f8153eab000] [id=5843]
  0x00007f814c009800 WatcherThread [stack: 0x00007f815352c000,0x00007f815362d000] [id=5850]

VM state:not at safepoint (normal execution)

VM Mutex/Monitor currently owned by a thread: None

Heap
 PSYoungGen      total 36096K, used 27566K [0x00000000dbc00000, 0x00000000decd0000, 0x0000000100000000)
  eden space 25792K, 72% used [0x00000000dbc00000,0x00000000dce616c0,0x00000000dd530000)
  from space 10304K, 84% used [0x00000000de0a0000,0x00000000de92a530,0x00000000deab0000)
  to   space 11712K, 0% used [0x00000000dd530000,0x00000000dd530000,0x00000000de0a0000)
 ParOldGen       total 74240K, used 9933K [0x0000000093400000, 0x0000000097c80000, 0x00000000dbc00000)
  object space 74240K, 13% used [0x0000000093400000,0x0000000093db3688,0x0000000097c80000)
 PSPermGen       total 42816K, used 19778K [0x0000000088e00000, 0x000000008b7d0000, 0x0000000093400000)
  object space 42816K, 46% used [0x0000000088e00000,0x000000008a150b08,0x000000008b7d0000)

Card table byte_map: [0x00007f815a160000,0x00007f815a51a000] byte_map_base: 0x00007f8159d19000

Polling page: 0x00007f81607e0000

Code Cache  [0x00007f815a51a000, 0x00007f815a78a000, 0x00007f815d51a000)
 total_blobs=1213 nmethods=653 adapters=512 free_code_cache=47018Kb largest_free_block=48041152

Compilation events (10 events):
Event: 1196.638 Thread 0x00007f814c001000  686             sun.swing.SwingUtilities2::drawChars (364 bytes)
Event: 1196.644 Thread 0x00007f814c001000 nmethod 686 0x00007f815a70d250 code [0x00007f815a70d4c0, 0x00007f815a70de08]
Event: 1197.034 Thread 0x00007f814c004000  687             java.awt.Rectangle::<init> (21 bytes)
Event: 1197.035 Thread 0x00007f814c004000 nmethod 687 0x00007f815a70bc50 code [0x00007f815a70bd80, 0x00007f815a70bdf8]
Event: 1197.363 Thread 0x00007f814c001000  688   !         javax.swing.JComponent::_paintImmediately (887 bytes)
Event: 1197.371 Thread 0x00007f814c004000  689             javax.swing.text.Utilities::getJComponent (23 bytes)
Event: 1197.372 Thread 0x00007f814c004000 nmethod 689 0x00007f815a709b90 code [0x00007f815a709ce0, 0x00007f815a709dd8]
Event: 1197.418 Thread 0x00007f814c001000 nmethod 688 0x00007f815a71af90 code [0x00007f815a71b380, 0x00007f815a71e220]
Event: 1197.758 Thread 0x00007f814c004000  690   !         java.awt.Container::dispatchEventImpl (129 bytes)
Event: 1198.072 Thread 0x00007f814c004000 nmethod 690 0x00007f815a72b2d0 code [0x00007f815a72c520, 0x00007f815a734740]

GC Heap History (10 events):
Event: 81.373 GC heap before
{Heap before GC invocations=6 (full 1):
 PSYoungGen      total 32448K, used 28644K [0x00000000dbc00000, 0x00000000de030000, 0x0000000100000000)
  eden space 27840K, 100% used [0x00000000dbc00000,0x00000000dd730000,0x00000000dd730000)
  from space 4608K, 17% used [0x00000000ddbb0000,0x00000000ddc793e0,0x00000000de030000)
  to   space 4608K, 0% used [0x00000000dd730000,0x00000000dd730000,0x00000000ddbb0000)
 ParOldGen       total 74240K, used 9161K [0x0000000093400000, 0x0000000097c80000, 0x00000000dbc00000)
  object space 74240K, 12% used [0x0000000093400000,0x0000000093cf2628,0x0000000097c80000)
 PSPermGen       total 37696K, used 18824K [0x0000000088e00000, 0x000000008b2d0000, 0x0000000093400000)
  object space 37696K, 49% used [0x0000000088e00000,0x000000008a062218,0x000000008b2d0000)
Event: 81.374 GC heap after
Heap after GC invocations=6 (full 1):
 PSYoungGen      total 32448K, used 648K [0x00000000dbc00000, 0x00000000de030000, 0x0000000100000000)
  eden space 27840K, 0% used [0x00000000dbc00000,0x00000000dbc00000,0x00000000dd730000)
  from space 4608K, 14% used [0x00000000dd730000,0x00000000dd7d23c8,0x00000000ddbb0000)
  to   space 4608K, 0% used [0x00000000ddbb0000,0x00000000ddbb0000,0x00000000de030000)
 ParOldGen       total 74240K, used 9161K [0x0000000093400000, 0x0000000097c80000, 0x00000000dbc00000)
  object space 74240K, 12% used [0x0000000093400000,0x0000000093cf2628,0x0000000097c80000)
 PSPermGen       total 37696K, used 18824K [0x0000000088e00000, 0x000000008b2d0000, 0x0000000093400000)
  object space 37696K, 49% used [0x0000000088e00000,0x000000008a062218,0x000000008b2d0000)
}
Event: 980.002 GC heap before
{Heap before GC invocations=7 (full 1):
 PSYoungGen      total 32448K, used 6044K [0x00000000dbc00000, 0x00000000de030000, 0x0000000100000000)
  eden space 27840K, 19% used [0x00000000dbc00000,0x00000000dc144e50,0x00000000dd730000)
  from space 4608K, 14% used [0x00000000dd730000,0x00000000dd7d23c8,0x00000000ddbb0000)
  to   space 4608K, 0% used [0x00000000ddbb0000,0x00000000ddbb0000,0x00000000de030000)
 ParOldGen       total 74240K, used 9161K [0x0000000093400000, 0x0000000097c80000, 0x00000000dbc00000)
  object space 74240K, 12% used [0x0000000093400000,0x0000000093cf2628,0x0000000097c80000)
 PSPermGen       total 37696K, used 18937K [0x0000000088e00000, 0x000000008b2d0000, 0x0000000093400000)
  object space 37696K, 50% used [0x0000000088e00000,0x000000008a07e7f8,0x000000008b2d0000)
Event: 980.003 GC heap after
Heap after GC invocations=7 (full 1):
 PSYoungGen      total 32448K, used 412K [0x00000000dbc00000, 0x00000000de030000, 0x0000000100000000)
  eden space 27840K, 0% used [0x00000000dbc00000,0x00000000dbc00000,0x00000000dd730000)
  from space 4608K, 8% used [0x00000000ddbb0000,0x00000000ddc173a0,0x00000000de030000)
  to   space 4608K, 0% used [0x00000000dd730000,0x00000000dd730000,0x00000000ddbb0000)
 ParOldGen       total 74240K, used 9161K [0x0000000093400000, 0x0000000097c80000, 0x00000000dbc00000)
  object space 74240K, 12% used [0x0000000093400000,0x0000000093cf2628,0x0000000097c80000)
 PSPermGen       total 37696K, used 18937K [0x0000000088e00000, 0x000000008b2d0000, 0x0000000093400000)
  object space 37696K, 50% used [0x0000000088e00000,0x000000008a07e7f8,0x000000008b2d0000)
}
Event: 980.003 GC heap before
{Heap before GC invocations=8 (full 2):
 PSYoungGen      total 32448K, used 412K [0x00000000dbc00000, 0x00000000de030000, 0x0000000100000000)
  eden space 27840K, 0% used [0x00000000dbc00000,0x00000000dbc00000,0x00000000dd730000)
  from space 4608K, 8% used [0x00000000ddbb0000,0x00000000ddc173a0,0x00000000de030000)
  to   space 4608K, 0% used [0x00000000dd730000,0x00000000dd730000,0x00000000ddbb0000)
 ParOldGen       total 74240K, used 9161K [0x0000000093400000, 0x0000000097c80000, 0x00000000dbc00000)
  object space 74240K, 12% used [0x0000000093400000,0x0000000093cf2628,0x0000000097c80000)
 PSPermGen       total 37696K, used 18937K [0x0000000088e00000, 0x000000008b2d0000, 0x0000000093400000)
  object space 37696K, 50% used [0x0000000088e00000,0x000000008a07e7f8,0x000000008b2d0000)
Event: 980.027 GC heap after
Heap after GC invocations=8 (full 2):
 PSYoungGen      total 32448K, used 0K [0x00000000dbc00000, 0x00000000de030000, 0x0000000100000000)
  eden space 27840K, 0% used [0x00000000dbc00000,0x00000000dbc00000,0x00000000dd730000)
  from space 4608K, 0% used [0x00000000ddbb0000,0x00000000ddbb0000,0x00000000de030000)
  to   space 4608K, 0% used [0x00000000dd730000,0x00000000dd730000,0x00000000ddbb0000)
 ParOldGen       total 74240K, used 9456K [0x0000000093400000, 0x0000000097c80000, 0x00000000dbc00000)
  object space 74240K, 12% used [0x0000000093400000,0x0000000093d3c3e0,0x0000000097c80000)
 PSPermGen       total 42816K, used 18937K [0x0000000088e00000, 0x000000008b7d0000, 0x0000000093400000)
  object space 42816K, 44% used [0x0000000088e00000,0x000000008a07e6b8,0x000000008b7d0000)
}
Event: 1033.919 GC heap before
{Heap before GC invocations=9 (full 2):
 PSYoungGen      total 32448K, used 27840K [0x00000000dbc00000, 0x00000000de030000, 0x0000000100000000)
  eden space 27840K, 100% used [0x00000000dbc00000,0x00000000dd730000,0x00000000dd730000)
  from space 4608K, 0% used [0x00000000ddbb0000,0x00000000ddbb0000,0x00000000de030000)
  to   space 4608K, 0% used [0x00000000dd730000,0x00000000dd730000,0x00000000ddbb0000)
 ParOldGen       total 74240K, used 9456K [0x0000000093400000, 0x0000000097c80000, 0x00000000dbc00000)
  object space 74240K, 12% used [0x0000000093400000,0x0000000093d3c3e0,0x0000000097c80000)
 PSPermGen       total 42816K, used 19372K [0x0000000088e00000, 0x000000008b7d0000, 0x0000000093400000)
  object space 42816K, 45% used [0x0000000088e00000,0x000000008a0eb348,0x000000008b7d0000)
Event: 1033.921 GC heap after
Heap after GC invocations=9 (full 2):
 PSYoungGen      total 31808K, used 4604K [0x00000000dbc00000, 0x00000000deab0000, 0x0000000100000000)
  eden space 27200K, 0% used [0x00000000dbc00000,0x00000000dbc00000,0x00000000dd690000)
  from space 4608K, 99% used [0x00000000dd730000,0x00000000ddbaf2e8,0x00000000ddbb0000)
  to   space 10304K, 0% used [0x00000000de0a0000,0x00000000de0a0000,0x00000000deab0000)
 ParOldGen       total 74240K, used 9933K [0x0000000093400000, 0x0000000097c80000, 0x00000000dbc00000)
  object space 74240K, 13% used [0x0000000093400000,0x0000000093db3688,0x0000000097c80000)
 PSPermGen       total 42816K, used 19372K [0x0000000088e00000, 0x000000008b7d0000, 0x0000000093400000)
  object space 42816K, 45% used [0x0000000088e00000,0x000000008a0eb348,0x000000008b7d0000)
}
Event: 1140.237 GC heap before
{Heap before GC invocations=10 (full 2):
 PSYoungGen      total 31808K, used 31804K [0x00000000dbc00000, 0x00000000deab0000, 0x0000000100000000)
  eden space 27200K, 100% used [0x00000000dbc00000,0x00000000dd690000,0x00000000dd690000)
  from space 4608K, 99% used [0x00000000dd730000,0x00000000ddbaf2e8,0x00000000ddbb0000)
  to   space 10304K, 0% used [0x00000000de0a0000,0x00000000de0a0000,0x00000000deab0000)
 ParOldGen       total 74240K, used 9933K [0x0000000093400000, 0x0000000097c80000, 0x00000000dbc00000)
  object space 74240K, 13% used [0x0000000093400000,0x0000000093db3688,0x0000000097c80000)
 PSPermGen       total 42816K, used 19498K [0x0000000088e00000, 0x000000008b7d0000, 0x0000000093400000)
  object space 42816K, 45% used [0x0000000088e00000,0x000000008a10a8a8,0x000000008b7d0000)
Event: 1140.242 GC heap after
Heap after GC invocations=10 (full 2):
 PSYoungGen      total 36096K, used 8745K [0x00000000dbc00000, 0x00000000decd0000, 0x0000000100000000)
  eden space 25792K, 0% used [0x00000000dbc00000,0x00000000dbc00000,0x00000000dd530000)
  from space 10304K, 84% used [0x00000000de0a0000,0x00000000de92a530,0x00000000deab0000)
  to   space 11712K, 0% used [0x00000000dd530000,0x00000000dd530000,0x00000000de0a0000)
 ParOldGen       total 74240K, used 9933K [0x0000000093400000, 0x0000000097c80000, 0x00000000dbc00000)
  object space 74240K, 13% used [0x0000000093400000,0x0000000093db3688,0x0000000097c80000)
 PSPermGen       total 42816K, used 19498K [0x0000000088e00000, 0x000000008b7d0000, 0x0000000093400000)
  object space 42816K, 45% used [0x0000000088e00000,0x000000008a10a8a8,0x000000008b7d0000)
}

Deoptimization events (10 events):
Event: 1153.170 Thread 0x00007f814c4d2800 Uncommon trap -34 fr.pc 0x00007f815a5f5510
Event: 1153.170 Thread 0x00007f814c4d2800 Uncommon trap -83 fr.pc 0x00007f815a690ac0
Event: 1153.170 Thread 0x00007f814c4d2800 Uncommon trap -34 fr.pc 0x00007f815a64abd8
Event: 1153.170 Thread 0x00007f814c4d2800 Uncommon trap -58 fr.pc 0x00007f815a6c3154
Event: 1153.170 Thread 0x00007f814c4d2800 Uncommon trap -34 fr.pc 0x00007f815a64abd8
Event: 1153.273 Thread 0x00007f814c4d2800 Uncommon trap -34 fr.pc 0x00007f815a64abd8
Event: 1153.273 Thread 0x00007f814c4d2800 Uncommon trap -34 fr.pc 0x00007f815a64abd8
Event: 1156.990 Thread 0x00007f814c4d2800 Uncommon trap -34 fr.pc 0x00007f815a6f4a6c
Event: 1157.722 Thread 0x00007f814c4d2800 Uncommon trap -34 fr.pc 0x00007f815a6f4a6c
Event: 1164.342 Thread 0x00007f814c4d2800 Uncommon trap -34 fr.pc 0x00007f815a6f4a6c

Internal exceptions (10 events):
Event: 1152.739 Thread 0x00007f814c4d2800 Threw 0x00000000dbfafb88 at /build/openjdk-6-HPQXyU/openjdk-6-6b33-1.13.5/build/openjdk/hotspot/src/share/vm/prims/jvm.cpp:1272
Event: 1152.740 Thread 0x00007f814c4d2800 Implicit null exception at 0x00007f815a62e4e4 to 0x00007f815a62e51d
Event: 1152.743 Thread 0x00007f814c4d2800 Threw 0x00000000dbfd0f48 at /build/openjdk-6-HPQXyU/openjdk-6-6b33-1.13.5/build/openjdk/hotspot/src/share/vm/classfile/systemDictio
Event: 1152.743 Thread 0x00007f814c4d2800 Threw 0x00000000dbfd1480 at /build/openjdk-6-HPQXyU/openjdk-6-6b33-1.13.5/build/openjdk/hotspot/src/share/vm/prims/jvm.cpp:1272
Event: 1152.744 Thread 0x00007f814c4d2800 Threw 0x00000000dbfd4028 at /build/openjdk-6-HPQXyU/openjdk-6-6b33-1.13.5/build/openjdk/hotspot/src/share/vm/classfile/systemDictio
Event: 1152.744 Thread 0x00007f814c4d2800 Threw 0x00000000dbfd4560 at /build/openjdk-6-HPQXyU/openjdk-6-6b33-1.13.5/build/openjdk/hotspot/src/share/vm/prims/jvm.cpp:1272
Event: 1152.746 Thread 0x00007f814c4d2800 Threw 0x00000000dbfd9478 at /build/openjdk-6-HPQXyU/openjdk-6-6b33-1.13.5/build/openjdk/hotspot/src/share/vm/classfile/systemDictio
Event: 1152.746 Thread 0x00007f814c4d2800 Threw 0x00000000dbfd99b0 at /build/openjdk-6-HPQXyU/openjdk-6-6b33-1.13.5/build/openjdk/hotspot/src/share/vm/prims/jvm.cpp:1272
Event: 1152.769 Thread 0x00007f814c4d2800 Threw 0x00000000dc002e70 at /build/openjdk-6-HPQXyU/openjdk-6-6b33-1.13.5/build/openjdk/hotspot/src/share/vm/prims/jni.cpp:742
Event: 1198.094 Thread 0x00007f814c4d2800 Implicit null exception at 0x00007f815a72e0cf to 0x0000000000000000

Events (10 events):
Event: 1156.914 loading class 0x00007f814c2f6670 done
Event: 1156.990 Thread 0x00007f814c4d2800 DEOPT PACKING pc=0x00007f815a6f4a6c sp=0x00007f8148646410
Event: 1156.990 Thread 0x00007f814c4d2800 DEOPT UNPACKING pc=0x00007f815a553145 sp=0x00007f81486463b0 mode 2
Event: 1157.722 Thread 0x00007f814c4d2800 DEOPT PACKING pc=0x00007f815a6f4a6c sp=0x00007f8148646410
Event: 1157.722 Thread 0x00007f814c4d2800 DEOPT UNPACKING pc=0x00007f815a553145 sp=0x00007f81486463b0 mode 2
Event: 1157.746 Executing VM operation: RevokeBias
Event: 1157.746 Executing VM operation: RevokeBias done
Event: 1157.746 Thread 0x00007f814c758800 Thread exited: 0x00007f814c758800
Event: 1164.342 Thread 0x00007f814c4d2800 DEOPT PACKING pc=0x00007f815a6f4a6c sp=0x00007f8148646410
Event: 1164.342 Thread 0x00007f814c4d2800 DEOPT UNPACKING pc=0x00007f815a553145 sp=0x00007f81486463b0 mode 2


Dynamic libraries:
00400000-00409000 r-xp 00000000 08:03 1992376                            /usr/lib/jvm/java-6-openjdk-amd64/jre/bin/java
00608000-00609000 rw-p 00008000 08:03 1992376                            /usr/lib/jvm/java-6-openjdk-amd64/jre/bin/java
0122c000-02d64000 rw-p 00000000 00:00 0                                  [heap]
88e00000-8b7d0000 rw-p 00000000 00:00 0 
8b7d0000-93400000 rw-p 00000000 00:00 0 
93400000-97c80000 rw-p 00000000 00:00 0 
97c80000-dbc00000 rw-p 00000000 00:00 0 
dbc00000-decd0000 rw-p 00000000 00:00 0 
decd0000-100000000 rw-p 00000000 00:00 0 
7f8147364000-7f81474e1000 rw-s 00000000 00:04 19300361                   /SYSV00000000 (deleted)
7f814765f000-7f8147662000 ---p 00000000 00:00 0 
7f8147662000-7f8147760000 rw-p 00000000 00:00 0 
7f8147781000-7f8147899000 rw-s 00000000 00:04 16416794                   /SYSV00000000 (deleted)
7f8147899000-7f814789e000 r-xp 00000000 08:03 262168                     /lib/x86_64-linux-gnu/libnss_dns-2.13.so
7f814789e000-7f8147a9d000 ---p 00005000 08:03 262168                     /lib/x86_64-linux-gnu/libnss_dns-2.13.so
7f8147a9d000-7f8147a9e000 r--p 00004000 08:03 262168                     /lib/x86_64-linux-gnu/libnss_dns-2.13.so
7f8147a9e000-7f8147a9f000 rw-p 00005000 08:03 262168                     /lib/x86_64-linux-gnu/libnss_dns-2.13.so
7f8147a9f000-7f8147aa1000 r-xp 00000000 08:03 273520                     /lib/libnss_mdns4_minimal.so.2
7f8147aa1000-7f8147ca0000 ---p 00002000 08:03 273520                     /lib/libnss_mdns4_minimal.so.2
7f8147ca0000-7f8147ca1000 rw-p 00001000 08:03 273520                     /lib/libnss_mdns4_minimal.so.2
7f8147cc9000-7f8147d29000 rw-s 00000000 00:04 16351255                   /SYSV00000000 (deleted)
7f8147d29000-7f8147d2c000 ---p 00000000 00:00 0 
7f8147d2c000-7f8147e2a000 rw-p 00000000 00:00 0 
7f8147e2a000-7f8147e2d000 ---p 00000000 00:00 0 
7f8147e2d000-7f8147f2b000 rw-p 00000000 00:00 0                          [stack:5857]
7f8147f2b000-7f8147f2e000 ---p 00000000 00:00 0 
7f8147f2e000-7f814802c000 rw-p 00000000 00:00 0 
7f814802c000-7f814803a000 r-xp 00000000 00:15 1210                       /home/aleph/shared-j/devel/lulzbot/TAZ/3.1/software/2014Q2/firmware/arduino-1.0.5/lib/librxtxSerial.so
7f814803a000-7f8148239000 ---p 0000e000 00:15 1210                       /home/aleph/shared-j/devel/lulzbot/TAZ/3.1/software/2014Q2/firmware/arduino-1.0.5/lib/librxtxSerial.so
7f8148239000-7f814823a000 r--p 0000d000 00:15 1210                       /home/aleph/shared-j/devel/lulzbot/TAZ/3.1/software/2014Q2/firmware/arduino-1.0.5/lib/librxtxSerial.so
7f814823a000-7f814823b000 rw-p 0000e000 00:15 1210                       /home/aleph/shared-j/devel/lulzbot/TAZ/3.1/software/2014Q2/firmware/arduino-1.0.5/lib/librxtxSerial.so
7f814823b000-7f814823e000 ---p 00000000 00:00 0 
7f814823e000-7f814833c000 rw-p 00000000 00:00 0 
7f8148548000-7f814854b000 ---p 00000000 00:00 0 
7f814854b000-7f8148649000 rw-p 00000000 00:00 0                          [stack:5854]
7f8148649000-7f814864c000 ---p 00000000 00:00 0 
7f814864c000-7f814874a000 rw-p 00000000 00:00 0                          [stack:5853]
7f814874a000-7f81487fa000 r--p 00000000 08:03 1445629                    /usr/share/fonts/truetype/ttf-dejavu/DejaVuSans.ttf
7f81487fa000-7f81487fc000 r-xp 00000000 08:03 1447248                    /usr/lib/x86_64-linux-gnu/pango/1.6.0/modules/pango-basic-fc.so
7f81487fc000-7f81489fb000 ---p 00002000 08:03 1447248                    /usr/lib/x86_64-linux-gnu/pango/1.6.0/modules/pango-basic-fc.so
7f81489fb000-7f81489fc000 r--p 00001000 08:03 1447248                    /usr/lib/x86_64-linux-gnu/pango/1.6.0/modules/pango-basic-fc.so
7f81489fc000-7f81489fd000 rw-p 00002000 08:03 1447248                    /usr/lib/x86_64-linux-gnu/pango/1.6.0/modules/pango-basic-fc.so
7f81489fd000-7f8148a05000 r-xp 00000000 08:03 1992748                    /usr/lib/jvm/java-6-openjdk-amd64/jre/lib/amd64/libnio.so
7f8148a05000-7f8148c04000 ---p 00008000 08:03 1992748                    /usr/lib/jvm/java-6-openjdk-amd64/jre/lib/amd64/libnio.so
7f8148c04000-7f8148c05000 rw-p 00007000 08:03 1992748                    /usr/lib/jvm/java-6-openjdk-amd64/jre/lib/amd64/libnio.so
7f8148c05000-7f8148c1a000 r-xp 00000000 08:03 1992746                    /usr/lib/jvm/java-6-openjdk-amd64/jre/lib/amd64/libnet.so
7f8148c1a000-7f8148e1a000 ---p 00015000 08:03 1992746                    /usr/lib/jvm/java-6-openjdk-amd64/jre/lib/amd64/libnet.so
7f8148e1a000-7f8148e1b000 rw-p 00015000 08:03 1992746                    /usr/lib/jvm/java-6-openjdk-amd64/jre/lib/amd64/libnet.so
7f8148e1b000-7f8148e28000 r-xp 00000000 08:03 1331907                    /usr/lib/x86_64-linux-gnu/gtk-2.0/2.10.0/engines/libthinice.so
7f8148e28000-7f8149027000 ---p 0000d000 08:03 1331907                    /usr/lib/x86_64-linux-gnu/gtk-2.0/2.10.0/engines/libthinice.so
7f8149027000-7f8149028000 r--p 0000c000 08:03 1331907                    /usr/lib/x86_64-linux-gnu/gtk-2.0/2.10.0/engines/libthinice.so
7f8149028000-7f8149029000 rw-p 0000d000 08:03 1331907                    /usr/lib/x86_64-linux-gnu/gtk-2.0/2.10.0/engines/libthinice.so
7f8149029000-7f8149065000 r-xp 00000000 08:03 262648                     /lib/x86_64-linux-gnu/libpcre.so.3.13.1
7f8149065000-7f8149265000 ---p 0003c000 08:03 262648                     /lib/x86_64-linux-gnu/libpcre.so.3.13.1
7f8149265000-7f8149266000 rw-p 0003c000 08:03 262648                     /lib/x86_64-linux-gnu/libpcre.so.3.13.1
7f8149266000-7f8149272000 r-xp 00000000 08:03 1314136                    /usr/lib/x86_64-linux-gnu/libffi.so.5.0.10
7f8149272000-7f8149472000 ---p 0000c000 08:03 1314136                    /usr/lib/x86_64-linux-gnu/libffi.so.5.0.10
7f8149472000-7f8149473000 rw-p 0000c000 08:03 1314136                    /usr/lib/x86_64-linux-gnu/libffi.so.5.0.10
7f8149473000-7f8149474000 r-xp 00000000 08:03 1314139                    /usr/lib/x86_64-linux-gnu/libgthread-2.0.so.0.3200.4
7f8149474000-7f8149673000 ---p 00001000 08:03 1314139                    /usr/lib/x86_64-linux-gnu/libgthread-2.0.so.0.3200.4
7f8149673000-7f8149674000 r--p 00000000 08:03 1314139                    /usr/lib/x86_64-linux-gnu/libgthread-2.0.so.0.3200.4
7f8149674000-7f8149675000 rw-p 00001000 08:03 1314139                    /usr/lib/x86_64-linux-gnu/libgthread-2.0.so.0.3200.4
7f8149675000-7f814969c000 r-xp 00000000 08:03 273199                     /lib/x86_64-linux-gnu/libexpat.so.1.6.0
7f814969c000-7f814989c000 ---p 00027000 08:03 273199                     /lib/x86_64-linux-gnu/libexpat.so.1.6.0
7f814989c000-7f814989e000 r--p 00027000 08:03 273199                     /lib/x86_64-linux-gnu/libexpat.so.1.6.0
7f814989e000-7f814989f000 rw-p 00029000 08:03 273199                     /lib/x86_64-linux-gnu/libexpat.so.1.6.0
7f814989f000-7f81498b2000 r-xp 00000000 08:03 262708                     /lib/x86_64-linux-gnu/libresolv-2.13.so
7f81498b2000-7f8149ab1000 ---p 00013000 08:03 262708                     /lib/x86_64-linux-gnu/libresolv-2.13.so
7f8149ab1000-7f8149ab2000 r--p 00012000 08:03 262708                     /lib/x86_64-linux-gnu/libresolv-2.13.so
7f8149ab2000-7f8149ab3000 rw-p 00013000 08:03 262708                     /lib/x86_64-linux-gnu/libresolv-2.13.so
7f8149ab3000-7f8149ab5000 rw-p 00000000 00:00 0 
7f8149ab5000-7f8149ad3000 r-xp 00000000 08:03 262182                     /lib/x86_64-linux-gnu/libselinux.so.1
7f8149ad3000-7f8149cd2000 ---p 0001e000 08:03 262182                     /lib/x86_64-linux-gnu/libselinux.so.1
7f8149cd2000-7f8149cd3000 r--p 0001d000 08:03 262182                     /lib/x86_64-linux-gnu/libselinux.so.1
7f8149cd3000-7f8149cd4000 rw-p 0001e000 08:03 262182                     /lib/x86_64-linux-gnu/libselinux.so.1
7f8149cd4000-7f8149cd5000 rw-p 00000000 00:00 0 
7f8149cd5000-7f8149cdd000 r-xp 00000000 08:03 1317240                    /usr/lib/x86_64-linux-gnu/libxcb-render.so.0.0.0
7f8149cdd000-7f8149edd000 ---p 00008000 08:03 1317240                    /usr/lib/x86_64-linux-gnu/libxcb-render.so.0.0.0
7f8149edd000-7f8149ede000 r--p 00008000 08:03 1317240                    /usr/lib/x86_64-linux-gnu/libxcb-render.so.0.0.0
7f8149ede000-7f8149edf000 rw-p 00009000 08:03 1317240                    /usr/lib/x86_64-linux-gnu/libxcb-render.so.0.0.0
7f8149edf000-7f8149ee1000 r-xp 00000000 08:03 1317242                    /usr/lib/x86_64-linux-gnu/libxcb-shm.so.0.0.0
7f8149ee1000-7f814a0e0000 ---p 00002000 08:03 1317242                    /usr/lib/x86_64-linux-gnu/libxcb-shm.so.0.0.0
7f814a0e0000-7f814a0e1000 r--p 00001000 08:03 1317242                    /usr/lib/x86_64-linux-gnu/libxcb-shm.so.0.0.0
7f814a0e1000-7f814a0e2000 rw-p 00002000 08:03 1317242                    /usr/lib/x86_64-linux-gnu/libxcb-shm.so.0.0.0
7f814a0e2000-7f814a108000 r-xp 00000000 08:03 262658                     /lib/x86_64-linux-gnu/libpng12.so.0.49.0
7f814a108000-7f814a307000 ---p 00026000 08:03 262658                     /lib/x86_64-linux-gnu/libpng12.so.0.49.0
7f814a307000-7f814a308000 r--p 00025000 08:03 262658                     /lib/x86_64-linux-gnu/libpng12.so.0.49.0
7f814a308000-7f814a309000 rw-p 00026000 08:03 262658                     /lib/x86_64-linux-gnu/libpng12.so.0.49.0
7f814a309000-7f814a389000 r-xp 00000000 08:03 1310740                    /usr/lib/x86_64-linux-gnu/libpixman-1.so.0.26.0
7f814a389000-7f814a589000 ---p 00080000 08:03 1310740                    /usr/lib/x86_64-linux-gnu/libpixman-1.so.0.26.0
7f814a589000-7f814a58f000 rw-p 00080000 08:03 1310740                    /usr/lib/x86_64-linux-gnu/libpixman-1.so.0.26.0
7f814a58f000-7f814a592000 r-xp 00000000 08:03 1314140                    /usr/lib/x86_64-linux-gnu/libgmodule-2.0.so.0.3200.4
7f814a592000-7f814a791000 ---p 00003000 08:03 1314140                    /usr/lib/x86_64-linux-gnu/libgmodule-2.0.so.0.3200.4
7f814a791000-7f814a792000 r--p 00002000 08:03 1314140                    /usr/lib/x86_64-linux-gnu/libgmodule-2.0.so.0.3200.4
7f814a792000-7f814a793000 rw-p 00003000 08:03 1314140                    /usr/lib/x86_64-linux-gnu/libgmodule-2.0.so.0.3200.4
7f814a793000-7f814a79a000 r-xp 00000000 08:03 1318864                    /usr/lib/x86_64-linux-gnu/libXrandr.so.2.2.0
7f814a79a000-7f814a99a000 ---p 00007000 08:03 1318864                    /usr/lib/x86_64-linux-gnu/libXrandr.so.2.2.0
7f814a99a000-7f814a99b000 rw-p 00007000 08:03 1318864                    /usr/lib/x86_64-linux-gnu/libXrandr.so.2.2.0
7f814a99b000-7f814a99d000 r-xp 00000000 08:03 1318860                    /usr/lib/x86_64-linux-gnu/libXinerama.so.1.0.0
7f814a99d000-7f814ab9c000 ---p 00002000 08:03 1318860                    /usr/lib/x86_64-linux-gnu/libXinerama.so.1.0.0
7f814ab9c000-7f814ab9d000 rw-p 00001000 08:03 1318860                    /usr/lib/x86_64-linux-gnu/libXinerama.so.1.0.0
7f814ab9d000-7f814ac92000 r-xp 00000000 08:03 262654                     /lib/x86_64-linux-gnu/libglib-2.0.so.0.3200.4
7f814ac92000-7f814ae92000 ---p 000f5000 08:03 262654                     /lib/x86_64-linux-gnu/libglib-2.0.so.0.3200.4
7f814ae92000-7f814ae93000 r--p 000f5000 08:03 262654                     /lib/x86_64-linux-gnu/libglib-2.0.so.0.3200.4
7f814ae93000-7f814ae94000 rw-p 000f6000 08:03 262654                     /lib/x86_64-linux-gnu/libglib-2.0.so.0.3200.4
7f814ae94000-7f814ae95000 rw-p 00000000 00:00 0 
7f814ae95000-7f814aee3000 r-xp 00000000 08:03 1314138                    /usr/lib/x86_64-linux-gnu/libgobject-2.0.so.0.3200.4
7f814aee3000-7f814b0e3000 ---p 0004e000 08:03 1314138                    /usr/lib/x86_64-linux-gnu/libgobject-2.0.so.0.3200.4
7f814b0e3000-7f814b0e4000 r--p 0004e000 08:03 1314138                    /usr/lib/x86_64-linux-gnu/libgobject-2.0.so.0.3200.4
7f814b0e4000-7f814b0e5000 rw-p 0004f000 08:03 1314138                    /usr/lib/x86_64-linux-gnu/libgobject-2.0.so.0.3200.4
7f814b0e5000-7f814b11a000 r-xp 00000000 08:03 1316735                    /usr/lib/x86_64-linux-gnu/libfontconfig.so.1.5.0
7f814b11a000-7f814b31a000 ---p 00035000 08:03 1316735                    /usr/lib/x86_64-linux-gnu/libfontconfig.so.1.5.0
7f814b31a000-7f814b31b000 r--p 00035000 08:03 1316735                    /usr/lib/x86_64-linux-gnu/libfontconfig.so.1.5.0
7f814b31b000-7f814b31c000 rw-p 00036000 08:03 1316735                    /usr/lib/x86_64-linux-gnu/libfontconfig.so.1.5.0
7f814b31c000-7f814b366000 r-xp 00000000 08:03 1318112                    /usr/lib/x86_64-linux-gnu/libpango-1.0.so.0.3000.0
7f814b366000-7f814b566000 ---p 0004a000 08:03 1318112                    /usr/lib/x86_64-linux-gnu/libpango-1.0.so.0.3000.0
7f814b566000-7f814b568000 r--p 0004a000 08:03 1318112                    /usr/lib/x86_64-linux-gnu/libpango-1.0.so.0.3000.0
7f814b568000-7f814b569000 rw-p 0004c000 08:03 1318112                    /usr/lib/x86_64-linux-gnu/libpango-1.0.so.0.3000.0
7f814b569000-7f814b593000 r-xp 00000000 08:03 1318122                    /usr/lib/x86_64-linux-gnu/libpangoft2-1.0.so.0.3000.0
7f814b593000-7f814b792000 ---p 0002a000 08:03 1318122                    /usr/lib/x86_64-linux-gnu/libpangoft2-1.0.so.0.3000.0
7f814b792000-7f814b793000 r--p 00029000 08:03 1318122                    /usr/lib/x86_64-linux-gnu/libpangoft2-1.0.so.0.3000.0
7f814b793000-7f814b794000 rw-p 0002a000 08:03 1318122                    /usr/lib/x86_64-linux-gnu/libpangoft2-1.0.so.0.3000.0
7f814b794000-7f814b8e0000 r-xp 00000000 08:03 1314144                    /usr/lib/x86_64-linux-gnu/libgio-2.0.so.0.3200.4
7f814b8e0000-7f814badf000 ---p 0014c000 08:03 1314144                    /usr/lib/x86_64-linux-gnu/libgio-2.0.so.0.3200.4
7f814badf000-7f814bae3000 r--p 0014b000 08:03 1314144                    /usr/lib/x86_64-linux-gnu/libgio-2.0.so.0.3200.4
7f814bae3000-7f814bae5000 rw-p 0014f000 08:03 1314144                    /usr/lib/x86_64-linux-gnu/libgio-2.0.so.0.3200.4
7f814bae5000-7f814bae7000 rw-p 00000000 00:00 0 
7f814bae7000-7f814bb06000 r-xp 00000000 08:03 1318052                    /usr/lib/x86_64-linux-gnu/libgdk_pixbuf-2.0.so.0.2600.1
7f814bb06000-7f814bd05000 ---p 0001f000 08:03 1318052                    /usr/lib/x86_64-linux-gnu/libgdk_pixbuf-2.0.so.0.2600.1
7f814bd05000-7f814bd06000 r--p 0001e000 08:03 1318052                    /usr/lib/x86_64-linux-gnu/libgdk_pixbuf-2.0.so.0.2600.1
7f814bd06000-7f814bd07000 rw-p 0001f000 08:03 1318052                    /usr/lib/x86_64-linux-gnu/libgdk_pixbuf-2.0.so.0.2600.1
7f814bd07000-7f814bdfb000 r-xp 00000000 08:03 1317246                    /usr/lib/x86_64-linux-gnu/libcairo.so.2.11200.2
7f814bdfb000-7f814bffa000 ---p 000f4000 08:03 1317246                    /usr/lib/x86_64-linux-gnu/libcairo.so.2.11200.2
7f814bffa000-7f814bffd000 r--p 000f3000 08:03 1317246                    /usr/lib/x86_64-linux-gnu/libcairo.so.2.11200.2
7f814bffd000-7f814bffe000 rw-p 000f6000 08:03 1317246                    /usr/lib/x86_64-linux-gnu/libcairo.so.2.11200.2
7f814bffe000-7f814c000000 rw-p 00000000 00:00 0 
7f814c000000-7f814cea5000 rw-p 00000000 00:00 0 
7f814cea5000-7f8150000000 ---p 00000000 00:00 0 
7f8150070000-7f81500a5000 rw-s 00000000 00:04 19726356                   /SYSV00000000 (deleted)
7f81500a5000-7f81500c6000 r-xp 00000000 08:03 1318442                    /usr/lib/x86_64-linux-gnu/libatk-1.0.so.0.20409.1
7f81500c6000-7f81502c5000 ---p 00021000 08:03 1318442                    /usr/lib/x86_64-linux-gnu/libatk-1.0.so.0.20409.1
7f81502c5000-7f81502c7000 r--p 00020000 08:03 1318442                    /usr/lib/x86_64-linux-gnu/libatk-1.0.so.0.20409.1
7f81502c7000-7f81502c8000 rw-p 00022000 08:03 1318442                    /usr/lib/x86_64-linux-gnu/libatk-1.0.so.0.20409.1
7f81502c8000-7f81502ca000 r-xp 00000000 08:03 1318506                    /usr/lib/x86_64-linux-gnu/libXdamage.so.1.1.0
7f81502ca000-7f81504c9000 ---p 00002000 08:03 1318506                    /usr/lib/x86_64-linux-gnu/libXdamage.so.1.1.0
7f81504c9000-7f81504ca000 rw-p 00001000 08:03 1318506                    /usr/lib/x86_64-linux-gnu/libXdamage.so.1.1.0
7f81504ca000-7f81504cc000 r-xp 00000000 08:03 1318498                    /usr/lib/x86_64-linux-gnu/libXcomposite.so.1.0.0
7f81504cc000-7f81506cb000 ---p 00002000 08:03 1318498                    /usr/lib/x86_64-linux-gnu/libXcomposite.so.1.0.0
7f81506cb000-7f81506cc000 rw-p 00001000 08:03 1318498                    /usr/lib/x86_64-linux-gnu/libXcomposite.so.1.0.0
7f81506cc000-7f81506d8000 r-xp 00000000 08:03 1318116                    /usr/lib/x86_64-linux-gnu/libpangocairo-1.0.so.0.3000.0
7f81506d8000-7f81508d7000 ---p 0000c000 08:03 1318116                    /usr/lib/x86_64-linux-gnu/libpangocairo-1.0.so.0.3000.0
7f81508d7000-7f81508d8000 r--p 0000b000 08:03 1318116                    /usr/lib/x86_64-linux-gnu/libpangocairo-1.0.so.0.3000.0
7f81508d8000-7f81508d9000 rw-p 0000c000 08:03 1318116                    /usr/lib/x86_64-linux-gnu/libpangocairo-1.0.so.0.3000.0
7f81508d9000-7f8150988000 r-xp 00000000 08:03 1321703                    /usr/lib/x86_64-linux-gnu/libgdk-x11-2.0.so.0.2400.10
7f8150988000-7f8150b87000 ---p 000af000 08:03 1321703                    /usr/lib/x86_64-linux-gnu/libgdk-x11-2.0.so.0.2400.10
7f8150b87000-7f8150b8c000 rw-p 000ae000 08:03 1321703                    /usr/lib/x86_64-linux-gnu/libgdk-x11-2.0.so.0.2400.10
7f8150b8c000-7f8150fbe000 r-xp 00000000 08:03 1321683                    /usr/lib/x86_64-linux-gnu/libgtk-x11-2.0.so.0.2400.10
7f8150fbe000-7f81511be000 ---p 00432000 08:03 1321683                    /usr/lib/x86_64-linux-gnu/libgtk-x11-2.0.so.0.2400.10
7f81511be000-7f81511c9000 rw-p 00432000 08:03 1321683                    /usr/lib/x86_64-linux-gnu/libgtk-x11-2.0.so.0.2400.10
7f81511c9000-7f81511cb000 rw-p 00000000 00:00 0 
7f81511cb000-7f81511d0000 r-xp 00000000 08:03 1318502                    /usr/lib/x86_64-linux-gnu/libXfixes.so.3.1.0
7f81511d0000-7f81513cf000 ---p 00005000 08:03 1318502                    /usr/lib/x86_64-linux-gnu/libXfixes.so.3.1.0
7f81513cf000-7f81513d0000 r--p 00004000 08:03 1318502                    /usr/lib/x86_64-linux-gnu/libXfixes.so.3.1.0
7f81513d0000-7f81513d1000 rw-p 00005000 08:03 1318502                    /usr/lib/x86_64-linux-gnu/libXfixes.so.3.1.0
7f81513d1000-7f81513d2000 r--s 00000000 08:03 400750                     /var/cache/fontconfig/c05880de57d1f5e948fdfacc138775d9-le64.cache-3
7f81513d2000-7f81513db000 r--s 00000000 08:03 400749                     /var/cache/fontconfig/945677eb7aeaf62f1d50efc3fb3ec7d8-le64.cache-3
7f81513db000-7f81513e0000 r--s 00000000 08:03 400747                     /var/cache/fontconfig/6eb3985aa4124903f6ff08ba781cd364-le64.cache-3
7f81513e0000-7f81513e9000 r--s 00000000 08:03 400746                     /var/cache/fontconfig/6d41288fd70b0be22e8c3a91e032eec0-le64.cache-3
7f81513e9000-7f81513ee000 r--s 00000000 08:03 400743                     /var/cache/fontconfig/3047814df9a2f067bd2d96a2b9c36e5a-le64.cache-3
7f81513ee000-7f81513ff000 r--s 00000000 08:03 402462                     /var/cache/fontconfig/d52a8644073d54c13679302ca1180695-le64.cache-3
7f8151404000-7f8151405000 rw-p 00000000 00:00 0 
7f815144d000-7f8151489000 rw-s 00000000 00:04 20054026                   /SYSV00000000 (deleted)
7f815148c000-7f8151495000 r--s 00000000 08:03 400749                     /var/cache/fontconfig/945677eb7aeaf62f1d50efc3fb3ec7d8-le64.cache-3
7f8151495000-7f815149a000 r--s 00000000 08:03 400747                     /var/cache/fontconfig/6eb3985aa4124903f6ff08ba781cd364-le64.cache-3
7f815149a000-7f81514ab000 r--s 00000000 08:03 402462                     /var/cache/fontconfig/d52a8644073d54c13679302ca1180695-le64.cache-3
7f81514ab000-7f81514dc000 rw-p 00000000 00:00 0 
7f81514dc000-7f81514df000 ---p 00000000 00:00 0 
7f81514df000-7f81515dd000 rw-p 00000000 00:00 0                          [stack:5852]
7f81515dd000-7f81515de000 r--s 00000000 08:03 400750                     /var/cache/fontconfig/c05880de57d1f5e948fdfacc138775d9-le64.cache-3
7f81515de000-7f81515e7000 r--s 00000000 08:03 400749                     /var/cache/fontconfig/945677eb7aeaf62f1d50efc3fb3ec7d8-le64.cache-3
7f81515e7000-7f81515ec000 r--s 00000000 08:03 400747                     /var/cache/fontconfig/6eb3985aa4124903f6ff08ba781cd364-le64.cache-3
7f81515ec000-7f81515f5000 r--s 00000000 08:03 400746                     /var/cache/fontconfig/6d41288fd70b0be22e8c3a91e032eec0-le64.cache-3
7f81515f5000-7f81515f6000 r--s 00000000 08:03 394875                     /var/cache/fontconfig/4794a0821666d79190d59a36cb4f44b5-le64.cache-3
7f81515f6000-7f81515fb000 r--s 00000000 08:03 400743                     /var/cache/fontconfig/3047814df9a2f067bd2d96a2b9c36e5a-le64.cache-3
7f81515fb000-7f815160c000 r--s 00000000 08:03 402462                     /var/cache/fontconfig/d52a8644073d54c13679302ca1180695-le64.cache-3
7f815160c000-7f815160d000 r--s 00000000 08:03 400750                     /var/cache/fontconfig/c05880de57d1f5e948fdfacc138775d9-le64.cache-3
7f815160d000-7f8151616000 r--s 00000000 08:03 400746                     /var/cache/fontconfig/6d41288fd70b0be22e8c3a91e032eec0-le64.cache-3
7f8151616000-7f8151617000 r--s 00000000 08:03 394875                     /var/cache/fontconfig/4794a0821666d79190d59a36cb4f44b5-le64.cache-3
7f8151617000-7f815161c000 r--s 00000000 08:03 400743                     /var/cache/fontconfig/3047814df9a2f067bd2d96a2b9c36e5a-le64.cache-3
7f815161c000-7f8151626000 r-xp 00000000 08:03 1318852                    /usr/lib/x86_64-linux-gnu/libXcursor.so.1.0.2
7f8151626000-7f8151825000 ---p 0000a000 08:03 1318852                    /usr/lib/x86_64-linux-gnu/libXcursor.so.1.0.2
7f8151825000-7f8151826000 rw-p 00009000 08:03 1318852                    /usr/lib/x86_64-linux-gnu/libXcursor.so.1.0.2
7f8151826000-7f8151829000 r--s 00000000 08:03 400744                     /var/cache/fontconfig/c57959a16110560c8d0fcea73374aeeb-le64.cache-3
7f8151829000-7f815182c000 r--s 00000000 08:03 400742                     /var/cache/fontconfig/e49e89034d371f0f9de17aab02136486-le64.cache-3
7f815182c000-7f815182e000 r--s 00000000 08:03 400741                     /var/cache/fontconfig/4b14b093aebc79c320de5e86ae1d3314-le64.cache-3
7f815182e000-7f8151835000 r--s 00000000 08:03 393310                     /var/cache/fontconfig/3f7329c5293ffd510edef78f73874cfd-le64.cache-3
7f8151835000-7f815183f000 r--s 00000000 08:03 400738                     /var/cache/fontconfig/83bf95040141907cd45bb53cf7c1c148-le64.cache-3
7f815183f000-7f8151840000 r--s 00000000 08:03 400737                     /var/cache/fontconfig/62f91419b9ebdb6975e7e41ab6412357-le64.cache-3
7f8151840000-7f8151843000 r--s 00000000 08:03 400725                     /var/cache/fontconfig/e13b20fdb08344e0e664864cc2ede53d-le64.cache-3
7f8151843000-7f8151846000 r--s 00000000 08:03 400744                     /var/cache/fontconfig/c57959a16110560c8d0fcea73374aeeb-le64.cache-3
7f8151846000-7f8151849000 r--s 00000000 08:03 400742                     /var/cache/fontconfig/e49e89034d371f0f9de17aab02136486-le64.cache-3
7f8151849000-7f815184b000 r--s 00000000 08:03 400741                     /var/cache/fontconfig/4b14b093aebc79c320de5e86ae1d3314-le64.cache-3
7f815184b000-7f8151852000 r--s 00000000 08:03 393310                     /var/cache/fontconfig/3f7329c5293ffd510edef78f73874cfd-le64.cache-3
7f8151852000-7f815185c000 r--s 00000000 08:03 400738                     /var/cache/fontconfig/83bf95040141907cd45bb53cf7c1c148-le64.cache-3
7f815185c000-7f815185d000 r--s 00000000 08:03 400737                     /var/cache/fontconfig/62f91419b9ebdb6975e7e41ab6412357-le64.cache-3
7f815185d000-7f8151860000 r--s 00000000 08:03 400725                     /var/cache/fontconfig/e13b20fdb08344e0e664864cc2ede53d-le64.cache-3
7f8151860000-7f8151863000 ---p 00000000 00:00 0 
7f8151863000-7f8151961000 rw-p 00000000 00:00 0                          [stack:5851]
7f8151961000-7f81519fa000 r-xp 00000000 08:03 1316722                    /usr/lib/x86_64-linux-gnu/libfreetype.so.6.8.1
7f81519fa000-7f8151bf9000 ---p 00099000 08:03 1316722                    /usr/lib/x86_64-linux-gnu/libfreetype.so.6.8.1
7f8151bf9000-7f8151bff000 r--p 00098000 08:03 1316722                    /usr/lib/x86_64-linux-gnu/libfreetype.so.6.8.1
7f8151bff000-7f8151c00000 rw-p 0009e000 08:03 1316722                    /usr/lib/x86_64-linux-gnu/libfreetype.so.6.8.1
7f8151c00000-7f8151c4e000 r-xp 00000000 08:03 1992727                    /usr/lib/jvm/java-6-openjdk-amd64/jre/lib/amd64/libfontmanager.so
7f8151c4e000-7f8151e4e000 ---p 0004e000 08:03 1992727                    /usr/lib/jvm/java-6-openjdk-amd64/jre/lib/amd64/libfontmanager.so
7f8151e4e000-7f8151e51000 rw-p 0004e000 08:03 1992727                    /usr/lib/jvm/java-6-openjdk-amd64/jre/lib/amd64/libfontmanager.so
7f8151e51000-7f8151e56000 r-xp 00000000 08:03 1316742                    /usr/lib/x86_64-linux-gnu/libXdmcp.so.6.0.0
7f8151e56000-7f8152055000 ---p 00005000 08:03 1316742                    /usr/lib/x86_64-linux-gnu/libXdmcp.so.6.0.0
7f8152055000-7f8152056000 rw-p 00004000 08:03 1316742                    /usr/lib/x86_64-linux-gnu/libXdmcp.so.6.0.0
7f8152056000-7f8152058000 r-xp 00000000 08:03 1316740                    /usr/lib/x86_64-linux-gnu/libXau.so.6.0.0
7f8152058000-7f8152258000 ---p 00002000 08:03 1316740                    /usr/lib/x86_64-linux-gnu/libXau.so.6.0.0
7f8152258000-7f8152259000 rw-p 00002000 08:03 1316740                    /usr/lib/x86_64-linux-gnu/libXau.so.6.0.0
7f8152259000-7f8152278000 r-xp 00000000 08:03 1316744                    /usr/lib/x86_64-linux-gnu/libxcb.so.1.1.0
7f8152278000-7f8152477000 ---p 0001f000 08:03 1316744                    /usr/lib/x86_64-linux-gnu/libxcb.so.1.1.0
7f8152477000-7f8152478000 r--p 0001e000 08:03 1316744                    /usr/lib/x86_64-linux-gnu/libxcb.so.1.1.0
7f8152478000-7f8152479000 rw-p 0001f000 08:03 1316744                    /usr/lib/x86_64-linux-gnu/libxcb.so.1.1.0
7f8152479000-7f8152487000 r-xp 00000000 08:03 1318856                    /usr/lib/x86_64-linux-gnu/libXi.so.6.1.0
7f8152487000-7f8152687000 ---p 0000e000 08:03 1318856                    /usr/lib/x86_64-linux-gnu/libXi.so.6.1.0
7f8152687000-7f8152688000 rw-p 0000e000 08:03 1318856                    /usr/lib/x86_64-linux-gnu/libXi.so.6.1.0
7f8152688000-7f815268d000 r-xp 00000000 08:03 1323230                    /usr/lib/x86_64-linux-gnu/libXtst.so.6.1.0
7f815268d000-7f815288c000 ---p 00005000 08:03 1323230                    /usr/lib/x86_64-linux-gnu/libXtst.so.6.1.0
7f815288c000-7f815288d000 rw-p 00004000 08:03 1323230                    /usr/lib/x86_64-linux-gnu/libXtst.so.6.1.0
7f815288d000-7f8152896000 r-xp 00000000 08:03 1317244                    /usr/lib/x86_64-linux-gnu/libXrender.so.1.3.0
7f8152896000-7f8152a95000 ---p 00009000 08:03 1317244                    /usr/lib/x86_64-linux-gnu/libXrender.so.1.3.0
7f8152a95000-7f8152a96000 rw-p 00008000 08:03 1317244                    /usr/lib/x86_64-linux-gnu/libXrender.so.1.3.0
7f8152a96000-7f8152bcb000 r-xp 00000000 08:03 1316749                    /usr/lib/x86_64-linux-gnu/libX11.so.6.3.0
7f8152bcb000-7f8152dcb000 ---p 00135000 08:03 1316749                    /usr/lib/x86_64-linux-gnu/libX11.so.6.3.0
7f8152dcb000-7f8152dd1000 rw-p 00135000 08:03 1316749                    /usr/lib/x86_64-linux-gnu/libX11.so.6.3.0
7f8152dd1000-7f8152de2000 r-xp 00000000 08:03 1318510                    /usr/lib/x86_64-linux-gnu/libXext.so.6.4.0
7f8152de2000-7f8152fe2000 ---p 00011000 08:03 1318510                    /usr/lib/x86_64-linux-gnu/libXext.so.6.4.0
7f8152fe2000-7f8152fe3000 rw-p 00011000 08:03 1318510                    /usr/lib/x86_64-linux-gnu/libXext.so.6.4.0
7f8152fe3000-7f8152fe4000 r--s 00000000 08:03 394875                     /var/cache/fontconfig/4794a0821666d79190d59a36cb4f44b5-le64.cache-3
7f8152fe4000-7f8152fe7000 r--s 00000000 08:03 400744                     /var/cache/fontconfig/c57959a16110560c8d0fcea73374aeeb-le64.cache-3
7f8152fe7000-7f8152fea000 r--s 00000000 08:03 400742                     /var/cache/fontconfig/e49e89034d371f0f9de17aab02136486-le64.cache-3
7f8152fea000-7f8152fec000 r--s 00000000 08:03 400741                     /var/cache/fontconfig/4b14b093aebc79c320de5e86ae1d3314-le64.cache-3
7f8152fec000-7f8152ff3000 r--s 00000000 08:03 393310                     /var/cache/fontconfig/3f7329c5293ffd510edef78f73874cfd-le64.cache-3
7f8152ff3000-7f8152ffd000 r--s 00000000 08:03 400738                     /var/cache/fontconfig/83bf95040141907cd45bb53cf7c1c148-le64.cache-3
7f8152ffd000-7f8153000000 r--s 00000000 08:03 400725                     /var/cache/fontconfig/e13b20fdb08344e0e664864cc2ede53d-le64.cache-3
7f8153000000-7f815304d000 r-xp 00000000 08:03 1988940                    /usr/lib/jvm/java-6-openjdk-amd64/jre/lib/amd64/xawt/libmawt.so
7f815304d000-7f815324c000 ---p 0004d000 08:03 1988940                    /usr/lib/jvm/java-6-openjdk-amd64/jre/lib/amd64/xawt/libmawt.so
7f815324c000-7f8153250000 rw-p 0004c000 08:03 1988940                    /usr/lib/jvm/java-6-openjdk-amd64/jre/lib/amd64/xawt/libmawt.so
7f8153250000-7f8153251000 rw-p 00000000 00:00 0 
7f8153251000-7f81532f1000 r-xp 00000000 08:03 1992725                    /usr/lib/jvm/java-6-openjdk-amd64/jre/lib/amd64/libawt.so
7f81532f1000-7f81534f1000 ---p 000a0000 08:03 1992725                    /usr/lib/jvm/java-6-openjdk-amd64/jre/lib/amd64/libawt.so
7f81534f1000-7f81534fc000 rw-p 000a0000 08:03 1992725                    /usr/lib/jvm/java-6-openjdk-amd64/jre/lib/amd64/libawt.so
7f81534fc000-7f8153521000 rw-p 00000000 00:00 0 
7f8153521000-7f8153528000 r--s 00054000 08:03 1835770                    /usr/lib/jvm/java-6-openjdk-common/jre/lib/resources.jar
7f8153528000-7f815352c000 r--s 0003c000 08:03 1835776                    /usr/lib/jvm/java-6-openjdk-common/jre/lib/jsse.jar
7f815352c000-7f815352d000 ---p 00000000 00:00 0 
7f815352d000-7f815362d000 rw-p 00000000 00:00 0                          [stack:5850]
7f815362d000-7f8153630000 ---p 00000000 00:00 0 
7f8153630000-7f815372e000 rw-p 00000000 00:00 0                          [stack:5849]
7f815372e000-7f8153731000 ---p 00000000 00:00 0 
7f8153731000-7f815382f000 rw-p 00000000 00:00 0                          [stack:5848]
7f815382f000-7f8153832000 ---p 00000000 00:00 0 
7f8153832000-7f8153930000 rw-p 00000000 00:00 0                          [stack:5847]
7f8153930000-7f8153933000 ---p 00000000 00:00 0 
7f8153933000-7f8153a31000 rw-p 00000000 00:00 0                          [stack:5846]
7f8153a31000-7f8153ba8000 r--p 00000000 08:03 1321749                    /usr/lib/locale/locale-archive
7f8153ba8000-7f8153bab000 ---p 00000000 00:00 0 
7f8153bab000-7f8153ca9000 rw-p 00000000 00:00 0                          [stack:5845]
7f8153ca9000-7f8153cac000 ---p 00000000 00:00 0 
7f8153cac000-7f8153daa000 rw-p 00000000 00:00 0                          [stack:5844]
7f8153daa000-7f8153dab000 ---p 00000000 00:00 0 
7f8153dab000-7f8154e92000 rw-p 00000000 00:00 0                          [stack:5843]
7f8154e92000-7f8155029000 r--s 01a18000 08:03 1992778                    /usr/lib/jvm/java-6-openjdk-amd64/jre/lib/rt.jar
7f8155029000-7f8159ac5000 rw-p 00000000 00:00 0 
7f8159ac5000-7f8159ac6000 ---p 00000000 00:00 0 
7f8159ac6000-7f8159bc6000 rw-p 00000000 00:00 0                          [stack:5842]
7f8159bc6000-7f8159bc7000 ---p 00000000 00:00 0 
7f8159bc7000-7f8159cc7000 rw-p 00000000 00:00 0                          [stack:5841]
7f8159cc7000-7f8159cc8000 ---p 00000000 00:00 0 
7f8159cc8000-7f8159dc8000 rw-p 00000000 00:00 0                          [stack:5840]
7f8159dc8000-7f8159dc9000 ---p 00000000 00:00 0 
7f8159dc9000-7f8159ede000 rw-p 00000000 00:00 0                          [stack:5839]
7f8159ede000-7f8159f1c000 rw-p 00000000 00:00 0 
7f8159f1c000-7f8159f41000 rw-p 00000000 00:00 0 
7f8159f41000-7f815a160000 rw-p 00000000 00:00 0 
7f815a160000-7f815a175000 rw-p 00000000 00:00 0 
7f815a175000-7f815a1b3000 rw-p 00000000 00:00 0 
7f815a1b3000-7f815a1d8000 rw-p 00000000 00:00 0 
7f815a1d8000-7f815a3f7000 rw-p 00000000 00:00 0 
7f815a3f7000-7f815a410000 rw-p 00000000 00:00 0 
7f815a410000-7f815a519000 rw-p 00000000 00:00 0 
7f815a519000-7f815a51a000 rw-p 00000000 00:00 0 
7f815a51a000-7f815a78a000 rwxp 00000000 00:00 0 
7f815a78a000-7f815d51a000 rw-p 00000000 00:00 0 
7f815d51a000-7f815d521000 r-xp 00000000 08:03 1992760                    /usr/lib/jvm/java-6-openjdk-amd64/jre/lib/amd64/libzip.so
7f815d521000-7f815d720000 ---p 00007000 08:03 1992760                    /usr/lib/jvm/java-6-openjdk-amd64/jre/lib/amd64/libzip.so
7f815d720000-7f815d721000 rw-p 00006000 08:03 1992760                    /usr/lib/jvm/java-6-openjdk-amd64/jre/lib/amd64/libzip.so
7f815d721000-7f815d72c000 r-xp 00000000 08:03 262169                     /lib/x86_64-linux-gnu/libnss_files-2.13.so
7f815d72c000-7f815d92b000 ---p 0000b000 08:03 262169                     /lib/x86_64-linux-gnu/libnss_files-2.13.so
7f815d92b000-7f815d92c000 r--p 0000a000 08:03 262169                     /lib/x86_64-linux-gnu/libnss_files-2.13.so
7f815d92c000-7f815d92d000 rw-p 0000b000 08:03 262169                     /lib/x86_64-linux-gnu/libnss_files-2.13.so
7f815d92d000-7f815d937000 r-xp 00000000 08:03 262613                     /lib/x86_64-linux-gnu/libnss_nis-2.13.so
7f815d937000-7f815db36000 ---p 0000a000 08:03 262613                     /lib/x86_64-linux-gnu/libnss_nis-2.13.so
7f815db36000-7f815db37000 r--p 00009000 08:03 262613                     /lib/x86_64-linux-gnu/libnss_nis-2.13.so
7f815db37000-7f815db38000 rw-p 0000a000 08:03 262613                     /lib/x86_64-linux-gnu/libnss_nis-2.13.so
7f815db38000-7f815db3f000 r-xp 00000000 08:03 262167                     /lib/x86_64-linux-gnu/libnss_compat-2.13.so
7f815db3f000-7f815dd3e000 ---p 00007000 08:03 262167                     /lib/x86_64-linux-gnu/libnss_compat-2.13.so
7f815dd3e000-7f815dd3f000 r--p 00006000 08:03 262167                     /lib/x86_64-linux-gnu/libnss_compat-2.13.so
7f815dd3f000-7f815dd40000 rw-p 00007000 08:03 262167                     /lib/x86_64-linux-gnu/libnss_compat-2.13.so
7f815dd40000-7f815dd55000 r-xp 00000000 08:03 262166                     /lib/x86_64-linux-gnu/libnsl-2.13.so
7f815dd55000-7f815df54000 ---p 00015000 08:03 262166                     /lib/x86_64-linux-gnu/libnsl-2.13.so
7f815df54000-7f815df55000 r--p 00014000 08:03 262166                     /lib/x86_64-linux-gnu/libnsl-2.13.so
7f815df55000-7f815df56000 rw-p 00015000 08:03 262166                     /lib/x86_64-linux-gnu/libnsl-2.13.so
7f815df56000-7f815df58000 rw-p 00000000 00:00 0 
7f815df58000-7f815df86000 r-xp 00000000 08:03 1992735                    /usr/lib/jvm/java-6-openjdk-amd64/jre/lib/amd64/libjava.so
7f815df86000-7f815e185000 ---p 0002e000 08:03 1992735                    /usr/lib/jvm/java-6-openjdk-amd64/jre/lib/amd64/libjava.so
7f815e185000-7f815e189000 rw-p 0002d000 08:03 1992735                    /usr/lib/jvm/java-6-openjdk-amd64/jre/lib/amd64/libjava.so
7f815e189000-7f815e198000 r-xp 00000000 08:03 1992758                    /usr/lib/jvm/java-6-openjdk-amd64/jre/lib/amd64/libverify.so
7f815e198000-7f815e397000 ---p 0000f000 08:03 1992758                    /usr/lib/jvm/java-6-openjdk-amd64/jre/lib/amd64/libverify.so
7f815e397000-7f815e399000 rw-p 0000e000 08:03 1992758                    /usr/lib/jvm/java-6-openjdk-amd64/jre/lib/amd64/libverify.so
7f815e399000-7f815e3a0000 r-xp 00000000 08:03 262761                     /lib/x86_64-linux-gnu/librt-2.13.so
7f815e3a0000-7f815e59f000 ---p 00007000 08:03 262761                     /lib/x86_64-linux-gnu/librt-2.13.so
7f815e59f000-7f815e5a0000 r--p 00006000 08:03 262761                     /lib/x86_64-linux-gnu/librt-2.13.so
7f815e5a0000-7f815e5a1000 rw-p 00007000 08:03 262761                     /lib/x86_64-linux-gnu/librt-2.13.so
7f815e5a1000-7f815e5b6000 r-xp 00000000 08:03 262148                     /lib/x86_64-linux-gnu/libgcc_s.so.1
7f815e5b6000-7f815e7b6000 ---p 00015000 08:03 262148                     /lib/x86_64-linux-gnu/libgcc_s.so.1
7f815e7b6000-7f815e7b7000 rw-p 00015000 08:03 262148                     /lib/x86_64-linux-gnu/libgcc_s.so.1
7f815e7b7000-7f815e838000 r-xp 00000000 08:03 262164                     /lib/x86_64-linux-gnu/libm-2.13.so
7f815e838000-7f815ea37000 ---p 00081000 08:03 262164                     /lib/x86_64-linux-gnu/libm-2.13.so
7f815ea37000-7f815ea38000 r--p 00080000 08:03 262164                     /lib/x86_64-linux-gnu/libm-2.13.so
7f815ea38000-7f815ea39000 rw-p 00081000 08:03 262164                     /lib/x86_64-linux-gnu/libm-2.13.so
7f815ea39000-7f815eb21000 r-xp 00000000 08:03 1314600                    /usr/lib/x86_64-linux-gnu/libstdc++.so.6.0.17
7f815eb21000-7f815ed21000 ---p 000e8000 08:03 1314600                    /usr/lib/x86_64-linux-gnu/libstdc++.so.6.0.17
7f815ed21000-7f815ed29000 r--p 000e8000 08:03 1314600                    /usr/lib/x86_64-linux-gnu/libstdc++.so.6.0.17
7f815ed29000-7f815ed2b000 rw-p 000f0000 08:03 1314600                    /usr/lib/x86_64-linux-gnu/libstdc++.so.6.0.17
7f815ed2b000-7f815ed40000 rw-p 00000000 00:00 0 
7f815ed40000-7f815f731000 r-xp 00000000 08:03 1992762                    /usr/lib/jvm/java-6-openjdk-amd64/jre/lib/amd64/server/libjvm.so
7f815f731000-7f815f931000 ---p 009f1000 08:03 1992762                    /usr/lib/jvm/java-6-openjdk-amd64/jre/lib/amd64/server/libjvm.so
7f815f931000-7f815f9d2000 rw-p 009f1000 08:03 1992762                    /usr/lib/jvm/java-6-openjdk-amd64/jre/lib/amd64/server/libjvm.so
7f815f9d2000-7f815f9fd000 rw-p 00000000 00:00 0 
7f815f9fd000-7f815fb7f000 r-xp 00000000 08:03 262158                     /lib/x86_64-linux-gnu/libc-2.13.so
7f815fb7f000-7f815fd7f000 ---p 00182000 08:03 262158                     /lib/x86_64-linux-gnu/libc-2.13.so
7f815fd7f000-7f815fd83000 r--p 00182000 08:03 262158                     /lib/x86_64-linux-gnu/libc-2.13.so
7f815fd83000-7f815fd84000 rw-p 00186000 08:03 262158                     /lib/x86_64-linux-gnu/libc-2.13.so
7f815fd84000-7f815fd89000 rw-p 00000000 00:00 0 
7f815fd89000-7f815fd8b000 r-xp 00000000 08:03 262163                     /lib/x86_64-linux-gnu/libdl-2.13.so
7f815fd8b000-7f815ff8b000 ---p 00002000 08:03 262163                     /lib/x86_64-linux-gnu/libdl-2.13.so
7f815ff8b000-7f815ff8c000 r--p 00002000 08:03 262163                     /lib/x86_64-linux-gnu/libdl-2.13.so
7f815ff8c000-7f815ff8d000 rw-p 00003000 08:03 262163                     /lib/x86_64-linux-gnu/libdl-2.13.so
7f815ff8d000-7f815ff91000 r-xp 00000000 08:03 1992770                    /usr/lib/jvm/java-6-openjdk-amd64/jre/lib/amd64/jli/libjli.so
7f815ff91000-7f8160190000 ---p 00004000 08:03 1992770                    /usr/lib/jvm/java-6-openjdk-amd64/jre/lib/amd64/jli/libjli.so
7f8160190000-7f8160191000 rw-p 00003000 08:03 1992770                    /usr/lib/jvm/java-6-openjdk-amd64/jre/lib/amd64/jli/libjli.so
7f8160191000-7f81601a8000 r-xp 00000000 08:03 262152                     /lib/x86_64-linux-gnu/libpthread-2.13.so
7f81601a8000-7f81603a7000 ---p 00017000 08:03 262152                     /lib/x86_64-linux-gnu/libpthread-2.13.so
7f81603a7000-7f81603a8000 r--p 00016000 08:03 262152                     /lib/x86_64-linux-gnu/libpthread-2.13.so
7f81603a8000-7f81603a9000 rw-p 00017000 08:03 262152                     /lib/x86_64-linux-gnu/libpthread-2.13.so
7f81603a9000-7f81603ad000 rw-p 00000000 00:00 0 
7f81603ad000-7f81603c3000 r-xp 00000000 08:03 262234                     /lib/x86_64-linux-gnu/libz.so.1.2.7
7f81603c3000-7f81605c2000 ---p 00016000 08:03 262234                     /lib/x86_64-linux-gnu/libz.so.1.2.7
7f81605c2000-7f81605c3000 r--p 00015000 08:03 262234                     /lib/x86_64-linux-gnu/libz.so.1.2.7
7f81605c3000-7f81605c4000 rw-p 00016000 08:03 262234                     /lib/x86_64-linux-gnu/libz.so.1.2.7
7f81605c4000-7f81605e4000 r-xp 00000000 08:03 262153                     /lib/x86_64-linux-gnu/ld-2.13.so
7f81605e4000-7f81605e5000 r--s 00000000 08:03 400737                     /var/cache/fontconfig/62f91419b9ebdb6975e7e41ab6412357-le64.cache-3
7f81605e5000-7f81605ec000 r--s 000bf000 00:15 347                        /home/aleph/shared-j/devel/lulzbot/TAZ/3.1/software/2014Q2/firmware/arduino-1.0.5/lib/pde.jar
7f81605ec000-7f81605ef000 r--s 00096000 00:15 346                        /home/aleph/shared-j/devel/lulzbot/TAZ/3.1/software/2014Q2/firmware/arduino-1.0.5/lib/jna.jar
7f81605ef000-7f81605fe000 r--s 00184000 00:15 345                        /home/aleph/shared-j/devel/lulzbot/TAZ/3.1/software/2014Q2/firmware/arduino-1.0.5/lib/ecj.jar
7f81605fe000-7f8160608000 rw-p 00000000 00:00 0 
7f8160608000-7f81606be000 rw-p 00000000 00:00 0 
7f81606be000-7f81606c1000 ---p 00000000 00:00 0 
7f81606c1000-7f81607c4000 rw-p 00000000 00:00 0                          [stack:5838]
7f81607c4000-7f81607c6000 r--s 00029000 00:15 344                        /home/aleph/shared-j/devel/lulzbot/TAZ/3.1/software/2014Q2/firmware/arduino-1.0.5/lib/core.jar
7f81607c6000-7f81607c8000 r--s 0000d000 00:15 343                        /home/aleph/shared-j/devel/lulzbot/TAZ/3.1/software/2014Q2/firmware/arduino-1.0.5/lib/RXTXcomm.jar
7f81607c8000-7f81607ca000 r--s 00001000 08:03 1971513                    /usr/lib/jvm/java-6-openjdk-common/jre/lib/ext/dnsns.jar
7f81607ca000-7f81607cc000 r--s 0000f000 08:03 1971512                    /usr/lib/jvm/java-6-openjdk-common/jre/lib/ext/pulse-java.jar
7f81607cc000-7f81607cf000 r--s 00077000 08:03 1971514                    /usr/lib/jvm/java-6-openjdk-common/jre/lib/ext/localedata.jar
7f81607cf000-7f81607d2000 r--s 0003a000 08:03 1971509                    /usr/lib/jvm/java-6-openjdk-common/jre/lib/ext/sunpkcs11.jar
7f81607d2000-7f81607d6000 r--s 00032000 08:03 1971510                    /usr/lib/jvm/java-6-openjdk-common/jre/lib/ext/sunjce_provider.jar
7f81607d6000-7f81607d7000 r--s 00007000 08:03 1839560                    /usr/share/java/java-atk-wrapper.jar
7f81607d7000-7f81607df000 rw-s 00000000 08:03 1841051                    /tmp/hsperfdata_aleph/5837
7f81607df000-7f81607e0000 rw-p 00000000 00:00 0 
7f81607e0000-7f81607e1000 r--p 00000000 00:00 0 
7f81607e1000-7f81607e3000 rw-p 00000000 00:00 0 
7f81607e3000-7f81607e4000 r--p 0001f000 08:03 262153                     /lib/x86_64-linux-gnu/ld-2.13.so
7f81607e4000-7f81607e5000 rw-p 00020000 08:03 262153                     /lib/x86_64-linux-gnu/ld-2.13.so
7f81607e5000-7f81607e6000 rw-p 00000000 00:00 0 
7fff26bab000-7fff26bcc000 rw-p 00000000 00:00 0                          [stack]
7fff26bfc000-7fff26bfe000 r-xp 00000000 00:00 0                          [vdso]
7fff26bfe000-7fff26c00000 r--p 00000000 00:00 0                          [vvar]
ffffffffff600000-ffffffffff601000 r-xp 00000000 00:00 0                  [vsyscall]

VM Arguments:
jvm_args: -Dswing.defaultlaf=com.sun.java.swing.plaf.gtk.GTKLookAndFeel 
java_command: processing.app.Base
Launcher Type: SUN_STANDARD

Environment Variables:
CLASSPATH=:java/lib/rt.jar:java/lib/tools.jar:lib/RXTXcomm.jar:lib/core.jar:lib/ecj.jar:lib/jna.jar:lib/pde.jar
PATH=/home/aleph/shared-j/devel/lulzbot/TAZ/3.1/software/2014Q2/firmware/arduino-1.0.5/java/bin:/usr/local/bin:/usr/bin:/bin:/usr/local/games:/usr/games
USERNAME=aleph
LD_LIBRARY_PATH=/usr/lib/jvm/java-6-openjdk-amd64/jre/lib/amd64/server:/usr/lib/jvm/java-6-openjdk-amd64/jre/lib/amd64:/usr/lib/jvm/java-6-openjdk-amd64/jre/../lib/amd64:/home/aleph/shared-j/devel/lulzbot/TAZ/3.1/software/2014Q2/firmware/arduino-1.0.5/lib
SHELL=/bin/bash
DISPLAY=:0.0

Signal Handlers:
SIGSEGV: [libjvm.so+0x84ee60], sa_mask[0]=0x7ffbfeff, sa_flags=0x10000004
SIGBUS: [libjvm.so+0x84ee60], sa_mask[0]=0x7ffbfeff, sa_flags=0x10000004
SIGFPE: [libjvm.so+0x6f2070], sa_mask[0]=0x7ffbfeff, sa_flags=0x10000004
SIGPIPE: SIG_IGN, sa_mask[0]=0x00001000, sa_flags=0x10000000
SIGXFSZ: [libjvm.so+0x6f2070], sa_mask[0]=0x7ffbfeff, sa_flags=0x10000004
SIGILL: [libjvm.so+0x6f2070], sa_mask[0]=0x7ffbfeff, sa_flags=0x10000004
SIGUSR1: SIG_DFL, sa_mask[0]=0x00000000, sa_flags=0x00000000
SIGUSR2: [libjvm.so+0x6f2420], sa_mask[0]=0x00000000, sa_flags=0x10000004
SIGHUP: [libjvm.so+0x6f2560], sa_mask[0]=0x7ffbfeff, sa_flags=0x10000004
SIGINT: [libjvm.so+0x6f2560], sa_mask[0]=0x7ffbfeff, sa_flags=0x10000004
SIGTERM: [libjvm.so+0x6f2560], sa_mask[0]=0x7ffbfeff, sa_flags=0x10000004
SIGQUIT: [libjvm.so+0x6f2560], sa_mask[0]=0x7ffbfeff, sa_flags=0x10000004


---------------  S Y S T E M  ---------------

OS:7.7

uname:Linux 3.16-0.bpo.3-amd64 #1 SMP Debian 3.16.5-1~bpo70+1 (2014-11-02) x86_64
libc:glibc 2.13 NPTL 2.13 
rlimit: STACK 8192k, CORE 0k, NPROC 27759, NOFILE 4096, AS infinity
load average:0.46 0.50 0.39

/proc/meminfo:
MemTotal:        7122396 kB
MemFree:         1087124 kB
MemAvailable:    4938236 kB
Buffers:          246936 kB
Cached:          3947068 kB
SwapCached:        13972 kB
Active:          2784032 kB
Inactive:        2967732 kB
Active(anon):    1440440 kB
Inactive(anon):   371100 kB
Active(file):    1343592 kB
Inactive(file):  2596632 kB
Unevictable:          16 kB
Mlocked:              16 kB
SwapTotal:       1952764 kB
SwapFree:        1767836 kB
Dirty:                56 kB
Writeback:             0 kB
AnonPages:       1548744 kB
Mapped:           321700 kB
Shmem:            253780 kB
Slab:             195296 kB
SReclaimable:     159628 kB
SUnreclaim:        35668 kB
KernelStack:        7056 kB
PageTables:        32304 kB
NFS_Unstable:          0 kB
Bounce:                0 kB
WritebackTmp:          0 kB
CommitLimit:     5513960 kB
Committed_AS:    4173320 kB
VmallocTotal:   34359738367 kB
VmallocUsed:      358144 kB
VmallocChunk:   34359295540 kB
HardwareCorrupted:     0 kB
AnonHugePages:         0 kB
HugePages_Total:       0
HugePages_Free:        0
HugePages_Rsvd:        0
HugePages_Surp:        0
Hugepagesize:       2048 kB
DirectMap4k:       90144 kB
DirectMap2M:     7211008 kB


CPU:total 4 (4 cores per cpu, 1 threads per core) family 6 model 58 stepping 9, cmov, cx8, fxsr, mmx, sse, sse2, sse3, ssse3, sse4.1, sse4.2, popcnt, avx, tsc, tscinvbit, tscinv

/proc/cpuinfo:
processor	: 0
vendor_id	: GenuineIntel
cpu family	: 6
model		: 58
model name	: Intel(R) Core(TM) i5-3470S CPU @ 2.90GHz
stepping	: 9
microcode	: 0x15
cpu MHz		: 2340.503
cache size	: 6144 KB
physical id	: 0
siblings	: 4
core id		: 0
cpu cores	: 4
apicid		: 0
initial apicid	: 0
fpu		: yes
fpu_exception	: yes
cpuid level	: 13
wp		: yes
flags		: fpu vme de pse tsc msr pae mce cx8 apic sep mtrr pge mca cmov pat pse36 clflush dts acpi mmx fxsr sse sse2 ss ht tm pbe syscall nx rdtscp lm constant_tsc arch_perfmon pebs bts rep_good nopl xtopology nonstop_tsc aperfmperf eagerfpu pni pclmulqdq dtes64 monitor ds_cpl vmx smx est tm2 ssse3 cx16 xtpr pdcm pcid sse4_1 sse4_2 x2apic popcnt tsc_deadline_timer aes xsave avx f16c rdrand lahf_lm ida arat epb xsaveopt pln pts dtherm tpr_shadow vnmi flexpriority ept vpid fsgsbase smep erms
bogomips	: 5786.99
clflush size	: 64
cache_alignment	: 64
address sizes	: 36 bits physical, 48 bits virtual
power management:

processor	: 1
vendor_id	: GenuineIntel
cpu family	: 6
model		: 58
model name	: Intel(R) Core(TM) i5-3470S CPU @ 2.90GHz
stepping	: 9
microcode	: 0x15
cpu MHz		: 2366.105
cache size	: 6144 KB
physical id	: 0
siblings	: 4
core id		: 1
cpu cores	: 4
apicid		: 2
initial apicid	: 2
fpu		: yes
fpu_exception	: yes
cpuid level	: 13
wp		: yes
flags		: fpu vme de pse tsc msr pae mce cx8 apic sep mtrr pge mca cmov pat pse36 clflush dts acpi mmx fxsr sse sse2 ss ht tm pbe syscall nx rdtscp lm constant_tsc arch_perfmon pebs bts rep_good nopl xtopology nonstop_tsc aperfmperf eagerfpu pni pclmulqdq dtes64 monitor ds_cpl vmx smx est tm2 ssse3 cx16 xtpr pdcm pcid sse4_1 sse4_2 x2apic popcnt tsc_deadline_timer aes xsave avx f16c rdrand lahf_lm ida arat epb xsaveopt pln pts dtherm tpr_shadow vnmi flexpriority ept vpid fsgsbase smep erms
bogomips	: 5786.99
clflush size	: 64
cache_alignment	: 64
address sizes	: 36 bits physical, 48 bits virtual
power management:

processor	: 2
vendor_id	: GenuineIntel
cpu family	: 6
model		: 58
model name	: Intel(R) Core(TM) i5-3470S CPU @ 2.90GHz
stepping	: 9
microcode	: 0x15
cpu MHz		: 2399.636
cache size	: 6144 KB
physical id	: 0
siblings	: 4
core id		: 2
cpu cores	: 4
apicid		: 4
initial apicid	: 4
fpu		: yes
fpu_exception	: yes
cpuid level	: 13
wp		: yes
flags		: fpu vme de pse tsc msr pae mce cx8 apic sep mtrr pge mca cmov pat pse36 clflush dts acpi mmx fxsr sse sse2 ss ht tm pbe syscall nx rdtscp lm constant_tsc arch_perfmon pebs bts rep_good nopl xtopology nonstop_tsc aperfmperf eagerfpu pni pclmulqdq dtes64 monitor ds_cpl vmx smx est tm2 ssse3 cx16 xtpr pdcm pcid sse4_1 sse4_2 x2apic popcnt tsc_deadline_timer aes xsave avx f16c rdrand lahf_lm ida arat epb xsaveopt pln pts dtherm tpr_shadow vnmi flexpriority ept vpid fsgsbase smep erms
bogomips	: 5786.99
clflush size	: 64
cache_alignment	: 64
address sizes	: 36 bits physical, 48 bits virtual
power management:

processor	: 3
vendor_id	: GenuineIntel
cpu family	: 6
model		: 58
model name	: Intel(R) Core(TM) i5-3470S CPU @ 2.90GHz
stepping	: 9
microcode	: 0x15
cpu MHz		: 2340.164
cache size	: 6144 KB
physical id	: 0
siblings	: 4
core id		: 3
cpu cores	: 4
apicid		: 6
initial apicid	: 6
fpu		: yes
fpu_exception	: yes
cpuid level	: 13
wp		: yes
flags		: fpu vme de pse tsc msr pae mce cx8 apic sep mtrr pge mca cmov pat pse36 clflush dts acpi mmx fxsr sse sse2 ss ht tm pbe syscall nx rdtscp lm constant_tsc arch_perfmon pebs bts rep_good nopl xtopology nonstop_tsc aperfmperf eagerfpu pni pclmulqdq dtes64 monitor ds_cpl vmx smx est tm2 ssse3 cx16 xtpr pdcm pcid sse4_1 sse4_2 x2apic popcnt tsc_deadline_timer aes xsave avx f16c rdrand lahf_lm ida arat epb xsaveopt pln pts dtherm tpr_shadow vnmi flexpriority ept vpid fsgsbase smep erms
bogomips	: 5786.99
clflush size	: 64
cache_alignment	: 64
address sizes	: 36 bits physical, 48 bits virtual
power management:



Memory: 4k page, physical 7122396k(1087124k free), swap 1952764k(1767836k free)

vm_info: OpenJDK 64-Bit Server VM (23.25-b01) for linux-amd64 JRE (1.6.0_33-b33), built on Nov 25 2014 14:28:35 by "buildd" with gcc 4.7.2

time: Thu Jan  8 10:49:46 2015
elapsed time: 1198 seconds

