#
# A fatal error has been detected by the Java Runtime Environment:
#
#  SIGSEGV (0xb) at pc=0x00007f0b6f9eacb8, pid=26218, tid=139686791497472
#
# JRE version: 6.0_32-b32
# Java VM: OpenJDK 64-Bit Server VM (23.25-b01 mixed mode linux-amd64 compressed oops)
# Problematic frame:
# J  sun.awt.X11.XGlobalCursorManager.updateGrabbedCursor(Ljava/awt/Cursor;)V
#
# Failed to write core dump. Core dumps have been disabled. To enable core dumping, try "ulimit -c unlimited" before starting Java again
#
# If you would like to submit a bug report, please include
# instructions how to reproduce the bug and visit:
#   http://icedtea.classpath.org/bugzilla
#

---------------  T H R E A D  ---------------

Current thread (0x00000000015ed800):  JavaThread "AWT-EventQueue-0" [_thread_in_Java, id=26235, stack(0x00007f0b5d864000,0x00007f0b5d965000)]

siginfo:si_signo=SIGSEGV: si_errno=0, si_code=1 (SEGV_MAPERR), si_addr=0x0000000000000008

Registers:
RAX=0x0000000000000000, RBX=0x000000009381c050, RCX=0x00000000934e4da0, RDX=0x00007f0b6f7d6e9a
RSP=0x00007f0b5d962620, RBP=0x00007f0b5d9626e8, RSI=0x00000000934e4af8, RDI=0x00000000015ed800
R8 =0x0000000000000000, R9 =0x000000009381c050, R10=0x0000000000000000, R11=0x00000000dc1b8870
R12=0x0000000000000000, R13=0x00007f0b5d962690, R14=0x00007f0b5d962738, R15=0x00000000015ed800
RIP=0x00007f0b6f9eacb8, EFLAGS=0x0000000000010246, CSGSFS=0x0000000000000033, ERR=0x0000000000000004
  TRAPNO=0x000000000000000e

Top of Stack: (sp=0x00007f0b5d962620)
0x00007f0b5d962620:   000000008a1419d0 00000000934e4af8
0x00007f0b5d962630:   0000000000000000 00007f0b5d962688
0x00007f0b5d962640:   00007f0b5d9626e8 00007f0b6f7d6e9a
0x00007f0b5d962650:   000000000000003b 0000000000000000
0x00007f0b5d962660:   0000000000004000 0000000000000000
0x00007f0b5d962670:   00007f0b5d9626e8 00007f0b6f7d6e9a
0x00007f0b5d962680:   0000000000000000 00007f0b6f7d6e9a
0x00007f0b5d962690:   00000000934e4af8 0000000000000001
0x00007f0b5d9626a0:   0000000000000000 00007f0b5d962698
0x00007f0b5d9626b0:   0000000089aa9d5c 00007f0b5d962738
0x00007f0b5d9626c0:   0000000089aac720 000000008a154718
0x00007f0b5d9626d0:   0000000089aa9dd0 00007f0b5d962690
0x00007f0b5d9626e0:   00007f0b5d962720 00007f0b5d962790
0x00007f0b5d9626f0:   00007f0b6f7d6e9a 0000000000000000
0x00007f0b5d962700:   0000000093457198 0000000093879650
0x00007f0b5d962710:   0000000093879410 00000000934e4af8
0x00007f0b5d962720:   0000000000000000 00000000934e4af8
0x00007f0b5d962730:   00000000938a37b8 0000000093457198
0x00007f0b5d962740:   0000000000000001 0000000000000000
0x00007f0b5d962750:   00007f0b5d962740 0000000089aabbbd
0x00007f0b5d962760:   00007f0b5d9627c8 0000000089aac420
0x00007f0b5d962770:   000000008a141d40 0000000089aabc38
0x00007f0b5d962780:   00007f0b5d962720 00007f0b5d9627c0
0x00007f0b5d962790:   00007f0b5d962820 00007f0b6f7d6e9a
0x00007f0b5d9627a0:   00000000938a37b8 00000000938a37b8
0x00007f0b5d9627b0:   00000000dc1bc320 00000000dc1bc338
0x00007f0b5d9627c0:   0000000000000000 0000000093457198
0x00007f0b5d9627d0:   0000000000000001 0000000000000000
0x00007f0b5d9627e0:   00007f0b5d9627d0 0000000089aab273
0x00007f0b5d9627f0:   00007f0b5d962840 0000000089aac420
0x00007f0b5d962800:   000000008a1421e8 0000000089aab290
0x00007f0b5d962810:   00007f0b5d9627c0 00007f0b5d962840 

Instructions: (pc=0x00007f0b6f9eacb8)
0x00007f0b6f9eac98:   00 00 00 00 00 00 00 00 89 84 24 00 c0 fe ff 55
0x00007f0b6f9eaca8:   48 83 ec 50 48 89 74 24 08 66 90 e8 e8 42 f4 ff
0x00007f0b6f9eacb8:   44 8b 50 08 4d 8b 5a 68 49 b8 30 7e a6 89 00 00
0x00007f0b6f9eacc8:   00 00 4d 3b d8 0f 85 98 05 00 00 41 81 fa 70 9e 

Register to memory mapping:

RAX=0x0000000000000000 is an unknown value
RBX=0x000000009381c050 is an oop
java.util.concurrent.locks.ReentrantLock$NonfairSync 
 - klass: 'java/util/concurrent/locks/ReentrantLock$NonfairSync'
RCX=0x00000000934e4da0 is an oop
java.awt.EventDispatchThread 
 - klass: 'java/awt/EventDispatchThread'
RDX=0x00007f0b6f7d6e9a is an Interpreter codelet
return entry points  [0x00007f0b6f7d6780, 0x00007f0b6f7d7d40]  5568 bytes
RSP=0x00007f0b5d962620 is pointing into the stack for thread: 0x00000000015ed800
RBP=0x00007f0b5d9626e8 is pointing into the stack for thread: 0x00000000015ed800
RSI=0x00000000934e4af8 is an oop
java.awt.Cursor 
 - klass: 'java/awt/Cursor'
RDI=0x00000000015ed800 is a thread
R8 =0x0000000000000000 is an unknown value
R9 =0x000000009381c050 is an oop
java.util.concurrent.locks.ReentrantLock$NonfairSync 
 - klass: 'java/util/concurrent/locks/ReentrantLock$NonfairSync'
R10=0x0000000000000000 is an unknown value
R11=0x00000000dc1b8870 is an oop
java.util.concurrent.locks.AbstractQueuedSynchronizer$Node 
 - klass: 'java/util/concurrent/locks/AbstractQueuedSynchronizer$Node'
R12=0x0000000000000000 is an unknown value
R13=0x00007f0b5d962690 is pointing into the stack for thread: 0x00000000015ed800
R14=0x00007f0b5d962738 is pointing into the stack for thread: 0x00000000015ed800
R15=0x00000000015ed800 is a thread


Stack: [0x00007f0b5d864000,0x00007f0b5d965000],  sp=0x00007f0b5d962620,  free space=1017k
Native frames: (J=compiled Java code, j=interpreted, Vv=VM code, C=native code)
J  sun.awt.X11.XGlobalCursorManager.updateGrabbedCursor(Ljava/awt/Cursor;)V
j  sun.awt.GlobalCursorManager._updateCursor(Z)V+141
j  sun.awt.GlobalCursorManager.updateCursorImmediately()V+27
j  sun.awt.X11.XComponentPeer.updateCursorImmediately()V+3
j  java.awt.Component.updateCursorImmediately()V+49
j  java.awt.LightweightDispatcher.dispatchEvent(Ljava/awt/AWTEvent;)Z+68
j  java.awt.Container.dispatchEventImpl(Ljava/awt/AWTEvent;)V+12
j  java.awt.Window.dispatchEventImpl(Ljava/awt/AWTEvent;)V+19


---------------  P R O C E S S  ---------------

Java Threads: ( => current thread )
  0x00007f0b60794000 JavaThread "Thread-695" [_thread_in_native, id=30063, stack(0x00007f0b53f58000,0x00007f0b54059000)]
  0x00007f0b60793800 JavaThread "Thread-694" [_thread_in_native, id=30062, stack(0x00007f0b54059000,0x00007f0b5415a000)]
  0x00007f0b60667000 JavaThread "process reaper" daemon [_thread_in_native, id=30060, stack(0x00007f0b53e57000,0x00007f0b53f58000)]
  0x0000000001bd5800 JavaThread "Thread-604" [_thread_blocked, id=29791, stack(0x00007f0b54252000,0x00007f0b54353000)]
  0x0000000001bd4000 JavaThread "Thread-603" [_thread_in_native, id=29790, stack(0x00007f0b5cd31000,0x00007f0b5ce32000)]
  0x0000000001bd3000 JavaThread "Thread-602" [_thread_in_native, id=29789, stack(0x00007f0b5d352000,0x00007f0b5d453000)]
  0x000000000114f800 JavaThread "process reaper" daemon [_thread_in_native, id=29787, stack(0x00007f0b54505000,0x00007f0b54606000)]
  0x0000000001a16800 JavaThread "Thread-512" [_thread_blocked, id=29518, stack(0x00007f0b5d763000,0x00007f0b5d864000)]
  0x0000000000f41800 JavaThread "DestroyJavaVM" [_thread_blocked, id=26219, stack(0x00007f0b75973000,0x00007f0b75a74000)]
  0x000000000186b000 JavaThread "TimerQueue" daemon [_thread_blocked, id=26237, stack(0x00007f0b5d453000,0x00007f0b5d554000)]
=>0x00000000015ed800 JavaThread "AWT-EventQueue-0" [_thread_in_Java, id=26235, stack(0x00007f0b5d864000,0x00007f0b5d965000)]
  0x00000000015eb800 JavaThread "AWT-Shutdown" [_thread_blocked, id=26234, stack(0x00007f0b64041000,0x00007f0b64142000)]
  0x00000000013bb000 JavaThread "AWT-XAWT" daemon [_thread_in_native, id=26233, stack(0x00007f0b66794000,0x00007f0b66895000)]
  0x000000000130a800 JavaThread "Java2D Disposer" daemon [_thread_blocked, id=26232, stack(0x00007f0b66b18000,0x00007f0b66c19000)]
  0x0000000001039000 JavaThread "Low Memory Detector" daemon [_thread_blocked, id=26230, stack(0x00007f0b688e5000,0x00007f0b689e6000)]
  0x0000000001036000 JavaThread "C2 CompilerThread1" daemon [_thread_blocked, id=26229, stack(0x00007f0b689e6000,0x00007f0b68ae7000)]
  0x0000000001033000 JavaThread "C2 CompilerThread0" daemon [_thread_blocked, id=26228, stack(0x00007f0b68ae7000,0x00007f0b68be8000)]
  0x0000000001031000 JavaThread "Signal Dispatcher" daemon [_thread_blocked, id=26227, stack(0x00007f0b68be8000,0x00007f0b68ce9000)]
  0x0000000000fdc800 JavaThread "Finalizer" daemon [_thread_blocked, id=26226, stack(0x00007f0b68e60000,0x00007f0b68f61000)]
  0x0000000000fda800 JavaThread "Reference Handler" daemon [_thread_blocked, id=26225, stack(0x00007f0b68f61000,0x00007f0b69062000)]

Other Threads:
  0x0000000000fcb800 VMThread [stack: 0x00007f0b69062000,0x00007f0b69163000] [id=26224]
  0x0000000001044000 WatcherThread [stack: 0x00007f0b687e4000,0x00007f0b688e5000] [id=26231]

VM state:not at safepoint (normal execution)

VM Mutex/Monitor currently owned by a thread: None

Heap
 PSYoungGen      total 19520K, used 6158K [0x00000000dbc00000, 0x00000000dd280000, 0x0000000100000000)
  eden space 17024K, 34% used [0x00000000dbc00000,0x00000000dc1cbb58,0x00000000dcca0000)
  from space 2496K, 8% used [0x00000000dd010000,0x00000000dd048020,0x00000000dd280000)
  to   space 3008K, 0% used [0x00000000dcca0000,0x00000000dcca0000,0x00000000dcf90000)
 ParOldGen       total 74240K, used 14827K [0x0000000093400000, 0x0000000097c80000, 0x00000000dbc00000)
  object space 74240K, 19% used [0x0000000093400000,0x000000009427af90,0x0000000097c80000)
 PSPermGen       total 33344K, used 20178K [0x0000000088e00000, 0x000000008ae90000, 0x0000000093400000)
  object space 33344K, 60% used [0x0000000088e00000,0x000000008a1b4a70,0x000000008ae90000)

Card table byte_map: [0x00007f0b6f417000,0x00007f0b6f7d1000] byte_map_base: 0x00007f0b6efd0000

Polling page: 0x00007f0b75a95000

Code Cache  [0x00007f0b6f7d1000, 0x00007f0b6fa41000, 0x00007f0b727d1000)
 total_blobs=1243 nmethods=681 adapters=514 free_code_cache=47042Kb largest_free_block=48120704

Compilation events (10 events):
Event: 65150.438 Thread 0x0000000001036000  696             sun.awt.X11.XGlobalCursorManager::getCursorManager (20 bytes)
Event: 65150.439 Thread 0x0000000001036000 nmethod 696 0x00007f0b6f9db810 code [0x00007f0b6f9db940, 0x00007f0b6f9db9b8]
Event: 65150.626 Thread 0x0000000001036000  697             java.awt.event.ComponentEvent::<init> (7 bytes)
Event: 65150.628 Thread 0x0000000001036000 nmethod 697 0x00007f0b6f9de790 code [0x00007f0b6f9de900, 0x00007f0b6f9deab8]
Event: 65150.813 Thread 0x0000000001036000  698             sun.awt.X11.XGlobalCursorManager::findHeavyweightUnderCursor (5 bytes)
Event: 65150.820 Thread 0x0000000001033000  699             sun.awt.X11.XGlobalCursorManager::findHeavyweightUnderCursor (4 bytes)
Event: 65150.832 Thread 0x0000000001036000 nmethod 698 0x00007f0b6f9e3850 code [0x00007f0b6f9e3a40, 0x00007f0b6f9e42c0]
Event: 65150.832 Thread 0x0000000001036000  700             sun.awt.X11.XGlobalCursorManager::updateGrabbedCursor (22 bytes)
Event: 65150.839 Thread 0x0000000001033000 nmethod 699 0x00007f0b6f9e7010 code [0x00007f0b6f9e7200, 0x00007f0b6f9e7a80]
Event: 65150.871 Thread 0x0000000001036000 nmethod 700 0x00007f0b6f9eaa10 code [0x00007f0b6f9eaca0, 0x00007f0b6f9eb8b8]

GC Heap History (10 events):
Event: 65092.035 GC heap before
{Heap before GC invocations=40 (full 7):
 PSYoungGen      total 20992K, used 17425K [0x00000000dbc00000, 0x00000000dd490000, 0x0000000100000000)
  eden space 17984K, 96% used [0x00000000dbc00000,0x00000000dccfc720,0x00000000dcd90000)
  from space 3008K, 1% used [0x00000000dd1a0000,0x00000000dd1a8000,0x00000000dd490000)
  to   space 3584K, 0% used [0x00000000dcd90000,0x00000000dcd90000,0x00000000dd110000)
 ParOldGen       total 74240K, used 17770K [0x0000000093400000, 0x0000000097c80000, 0x00000000dbc00000)
  object space 74240K, 23% used [0x0000000093400000,0x000000009455aa00,0x0000000097c80000)
 PSPermGen       total 35584K, used 20172K [0x0000000088e00000, 0x000000008b0c0000, 0x0000000093400000)
  object space 35584K, 56% used [0x0000000088e00000,0x000000008a1b3048,0x000000008b0c0000)
Event: 65092.036 GC heap after
Heap after GC invocations=40 (full 7):
 PSYoungGen      total 18176K, used 128K [0x00000000dbc00000, 0x00000000dd410000, 0x0000000100000000)
  eden space 17984K, 0% used [0x00000000dbc00000,0x00000000dbc00000,0x00000000dcd90000)
  from space 192K, 66% used [0x00000000dcd90000,0x00000000dcdb0158,0x00000000dcdc0000)
  to   space 3328K, 0% used [0x00000000dd0d0000,0x00000000dd0d0000,0x00000000dd410000)
 ParOldGen       total 74240K, used 17770K [0x0000000093400000, 0x0000000097c80000, 0x00000000dbc00000)
  object space 74240K, 23% used [0x0000000093400000,0x000000009455aa00,0x0000000097c80000)
 PSPermGen       total 35584K, used 20172K [0x0000000088e00000, 0x000000008b0c0000, 0x0000000093400000)
  object space 35584K, 56% used [0x0000000088e00000,0x000000008a1b3048,0x000000008b0c0000)
}
Event: 65092.036 GC heap before
{Heap before GC invocations=41 (full 8):
 PSYoungGen      total 18176K, used 128K [0x00000000dbc00000, 0x00000000dd410000, 0x0000000100000000)
  eden space 17984K, 0% used [0x00000000dbc00000,0x00000000dbc00000,0x00000000dcd90000)
  from space 192K, 66% used [0x00000000dcd90000,0x00000000dcdb0158,0x00000000dcdc0000)
  to   space 3328K, 0% used [0x00000000dd0d0000,0x00000000dd0d0000,0x00000000dd410000)
 ParOldGen       total 74240K, used 17770K [0x0000000093400000, 0x0000000097c80000, 0x00000000dbc00000)
  object space 74240K, 23% used [0x0000000093400000,0x000000009455aa00,0x0000000097c80000)
 PSPermGen       total 35584K, used 20172K [0x0000000088e00000, 0x000000008b0c0000, 0x0000000093400000)
  object space 35584K, 56% used [0x0000000088e00000,0x000000008a1b3048,0x000000008b0c0000)
Event: 65092.111 GC heap after
Heap after GC invocations=41 (full 8):
 PSYoungGen      total 18176K, used 0K [0x00000000dbc00000, 0x00000000dd410000, 0x0000000100000000)
  eden space 17984K, 0% used [0x00000000dbc00000,0x00000000dbc00000,0x00000000dcd90000)
  from space 192K, 0% used [0x00000000dcd90000,0x00000000dcd90000,0x00000000dcdc0000)
  to   space 3328K, 0% used [0x00000000dd0d0000,0x00000000dd0d0000,0x00000000dd410000)
 ParOldGen       total 74240K, used 13363K [0x0000000093400000, 0x0000000097c80000, 0x00000000dbc00000)
  object space 74240K, 18% used [0x0000000093400000,0x000000009410ce20,0x0000000097c80000)
 PSPermGen       total 33344K, used 20165K [0x0000000088e00000, 0x000000008ae90000, 0x0000000093400000)
  object space 33344K, 60% used [0x0000000088e00000,0x000000008a1b17f8,0x000000008ae90000)
}
Event: 65102.173 GC heap before
{Heap before GC invocations=42 (full 8):
 PSYoungGen      total 18176K, used 17984K [0x00000000dbc00000, 0x00000000dd410000, 0x0000000100000000)
  eden space 17984K, 100% used [0x00000000dbc00000,0x00000000dcd90000,0x00000000dcd90000)
  from space 192K, 0% used [0x00000000dcd90000,0x00000000dcd90000,0x00000000dcdc0000)
  to   space 3328K, 0% used [0x00000000dd0d0000,0x00000000dd0d0000,0x00000000dd410000)
 ParOldGen       total 74240K, used 13363K [0x0000000093400000, 0x0000000097c80000, 0x00000000dbc00000)
  object space 74240K, 18% used [0x0000000093400000,0x000000009410ce20,0x0000000097c80000)
 PSPermGen       total 33344K, used 20168K [0x0000000088e00000, 0x000000008ae90000, 0x0000000093400000)
  object space 33344K, 60% used [0x0000000088e00000,0x000000008a1b22d8,0x000000008ae90000)
Event: 65102.174 GC heap after
Heap after GC invocations=42 (full 8):
 PSYoungGen      total 20160K, used 184K [0x00000000dbc00000, 0x00000000dd340000, 0x0000000100000000)
  eden space 17664K, 0% used [0x00000000dbc00000,0x00000000dbc00000,0x00000000dcd40000)
  from space 2496K, 7% used [0x00000000dd0d0000,0x00000000dd0fe368,0x00000000dd340000)
  to   space 3072K, 0% used [0x00000000dcd40000,0x00000000dcd40000,0x00000000dd040000)
 ParOldGen       total 74240K, used 13363K [0x0000000093400000, 0x0000000097c80000, 0x00000000dbc00000)
  object space 74240K, 18% used [0x0000000093400000,0x000000009410ce20,0x0000000097c80000)
 PSPermGen       total 33344K, used 20168K [0x0000000088e00000, 0x000000008ae90000, 0x0000000093400000)
  object space 33344K, 60% used [0x0000000088e00000,0x000000008a1b22d8,0x000000008ae90000)
}
Event: 65118.101 GC heap before
{Heap before GC invocations=43 (full 8):
 PSYoungGen      total 20160K, used 13894K [0x00000000dbc00000, 0x00000000dd340000, 0x0000000100000000)
  eden space 17664K, 77% used [0x00000000dbc00000,0x00000000dc9635f8,0x00000000dcd40000)
  from space 2496K, 7% used [0x00000000dd0d0000,0x00000000dd0fe368,0x00000000dd340000)
  to   space 3072K, 0% used [0x00000000dcd40000,0x00000000dcd40000,0x00000000dd040000)
 ParOldGen       total 74240K, used 13363K [0x0000000093400000, 0x0000000097c80000, 0x00000000dbc00000)
  object space 74240K, 18% used [0x0000000093400000,0x000000009410ce20,0x0000000097c80000)
 PSPermGen       total 33344K, used 20173K [0x0000000088e00000, 0x000000008ae90000, 0x0000000093400000)
  object space 33344K, 60% used [0x0000000088e00000,0x000000008a1b3490,0x000000008ae90000)
Event: 65118.103 GC heap after
Heap after GC invocations=43 (full 8):
 PSYoungGen      total 18880K, used 1515K [0x00000000dbc00000, 0x00000000dd330000, 0x0000000100000000)
  eden space 17344K, 0% used [0x00000000dbc00000,0x00000000dbc00000,0x00000000dccf0000)
  from space 1536K, 98% used [0x00000000dcd40000,0x00000000dcebaea8,0x00000000dcec0000)
  to   space 3200K, 0% used [0x00000000dd010000,0x00000000dd010000,0x00000000dd330000)
 ParOldGen       total 74240K, used 13426K [0x0000000093400000, 0x0000000097c80000, 0x00000000dbc00000)
  object space 74240K, 18% used [0x0000000093400000,0x000000009411c898,0x0000000097c80000)
 PSPermGen       total 33344K, used 20173K [0x0000000088e00000, 0x000000008ae90000, 0x0000000093400000)
  object space 33344K, 60% used [0x0000000088e00000,0x000000008a1b3490,0x000000008ae90000)
}
Event: 65128.352 GC heap before
{Heap before GC invocations=44 (full 8):
 PSYoungGen      total 18880K, used 18859K [0x00000000dbc00000, 0x00000000dd330000, 0x0000000100000000)
  eden space 17344K, 100% used [0x00000000dbc00000,0x00000000dccf0000,0x00000000dccf0000)
  from space 1536K, 98% used [0x00000000dcd40000,0x00000000dcebaea8,0x00000000dcec0000)
  to   space 3200K, 0% used [0x00000000dd010000,0x00000000dd010000,0x00000000dd330000)
 ParOldGen       total 74240K, used 13426K [0x0000000093400000, 0x0000000097c80000, 0x00000000dbc00000)
  object space 74240K, 18% used [0x0000000093400000,0x000000009411c898,0x0000000097c80000)
 PSPermGen       total 33344K, used 20173K [0x0000000088e00000, 0x000000008ae90000, 0x0000000093400000)
  object space 33344K, 60% used [0x0000000088e00000,0x000000008a1b3758,0x000000008ae90000)
Event: 65128.354 GC heap after
Heap after GC invocations=44 (full 8):
 PSYoungGen      total 19520K, used 224K [0x00000000dbc00000, 0x00000000dd280000, 0x0000000100000000)
  eden space 17024K, 0% used [0x00000000dbc00000,0x00000000dbc00000,0x00000000dcca0000)
  from space 2496K, 8% used [0x00000000dd010000,0x00000000dd048020,0x00000000dd280000)
  to   space 3008K, 0% used [0x00000000dcca0000,0x00000000dcca0000,0x00000000dcf90000)
 ParOldGen       total 74240K, used 14827K [0x0000000093400000, 0x0000000097c80000, 0x00000000dbc00000)
  object space 74240K, 19% used [0x0000000093400000,0x000000009427af90,0x0000000097c80000)
 PSPermGen       total 33344K, used 20173K [0x0000000088e00000, 0x000000008ae90000, 0x0000000093400000)
  object space 33344K, 60% used [0x0000000088e00000,0x000000008a1b3758,0x000000008ae90000)
}

Deoptimization events (10 events):
Event: 1158.599 Thread 0x0000000001a42800 Uncommon trap -58 fr.pc 0x00007f0b6f922c30
Event: 1158.599 Thread 0x0000000001a42800 Uncommon trap -58 fr.pc 0x00007f0b6f922c30
Event: 1443.425 Thread 0x00000000015ed800 Uncommon trap -34 fr.pc 0x00007f0b6f878594
Event: 1468.632 Thread 0x00000000015ed800 Uncommon trap -83 fr.pc 0x00007f0b6f99ef20
Event: 1492.316 Thread 0x00000000015ed800 Uncommon trap -83 fr.pc 0x00007f0b6f9c65c4
Event: 1492.316 Thread 0x00000000015ed800 Uncommon trap -83 fr.pc 0x00007f0b6f8881d4
Event: 1492.462 Thread 0x00000000015ed800 Uncommon trap -83 fr.pc 0x00007f0b6f8b594c
Event: 1492.462 Thread 0x00000000015ed800 Uncommon trap -83 fr.pc 0x00007f0b6f9ac6d4
Event: 6609.359 Thread 0x00000000015ed800 Uncommon trap -83 fr.pc 0x00007f0b6f9d954c
Event: 65092.113 Thread 0x00000000015ed800 Uncommon trap -12 fr.pc 0x00007f0b6f97df6c

Internal exceptions (10 events):
Event: 1492.462 Thread 0x00000000015ed800 Implicit null exception at 0x00007f0b6f8b58db to 0x00007f0b6f8b593d
Event: 1492.462 Thread 0x00000000015ed800 Implicit null exception at 0x00007f0b6f9ac45c to 0x00007f0b6f9ac6b5
Event: 1543.760 Thread 0x0000000001a16800 Threw 0x00000000dbefd5e8 at /build/openjdk-6-PfT5ga/openjdk-6-6b32-1.13.4/build/openjdk/hotspot/src/share/vm/prims/jni.cpp:716
Event: 1543.773 Thread 0x0000000001a16800 Threw 0x00000000dbfdfd20 at /build/openjdk-6-PfT5ga/openjdk-6-6b32-1.13.4/build/openjdk/hotspot/src/share/vm/prims/jni.cpp:716
Event: 65092.113 Thread 0x00000000015ed800 Implicit null exception at 0x00007f0b6f97d869 to 0x00007f0b6f97df2d
Event: 65103.402 Thread 0x0000000001a16800 Threw 0x00000000dc59aee8 at /build/openjdk-6-PfT5ga/openjdk-6-6b32-1.13.4/build/openjdk/hotspot/src/share/vm/prims/jni.cpp:716
Event: 65103.403 Thread 0x0000000001a16800 Threw 0x00000000dc5eedd8 at /build/openjdk-6-PfT5ga/openjdk-6-6b32-1.13.4/build/openjdk/hotspot/src/share/vm/prims/jni.cpp:716
Event: 65129.164 Thread 0x0000000001bd5800 Threw 0x00000000dc061998 at /build/openjdk-6-PfT5ga/openjdk-6-6b32-1.13.4/build/openjdk/hotspot/src/share/vm/prims/jni.cpp:716
Event: 65129.165 Thread 0x0000000001bd5800 Threw 0x00000000dc0ae690 at /build/openjdk-6-PfT5ga/openjdk-6-6b32-1.13.4/build/openjdk/hotspot/src/share/vm/prims/jni.cpp:716
Event: 65150.874 Thread 0x00000000015ed800 Implicit null exception at 0x00007f0b6f9eacb8 to 0x0000000000000000

Events (10 events):
Event: 65129.151 Thread 0x00000000010f2000 Thread added: 0x00000000010f2000
Event: 65129.151 Thread 0x00000000010f3000 Thread exited: 0x00000000010f3000
Event: 65129.164 Thread 0x00000000010f3000 Thread added: 0x00000000010f3000
Event: 65129.164 Thread 0x00000000010f2000 Thread exited: 0x00000000010f2000
Event: 65129.164 Thread 0x00000000010f3000 Thread exited: 0x00000000010f3000
Event: 65129.172 Thread 0x00000000010f2000 Thread added: 0x00000000010f2000
Event: 65129.283 Thread 0x00000000010f2000 Thread exited: 0x00000000010f2000
Event: 65129.293 Thread 0x00007f0b60667000 Thread added: 0x00007f0b60667000
Event: 65129.312 Thread 0x00007f0b60793800 Thread added: 0x00007f0b60793800
Event: 65129.328 Thread 0x00007f0b60794000 Thread added: 0x00007f0b60794000


Dynamic libraries:
00400000-00409000 r-xp 00000000 08:03 1971613                            /usr/lib/jvm/java-6-openjdk-amd64/jre/bin/java
00608000-00609000 rw-p 00008000 08:03 1971613                            /usr/lib/jvm/java-6-openjdk-amd64/jre/bin/java
00f35000-021fb000 rw-p 00000000 00:00 0                                  [heap]
88e00000-8ae90000 rw-p 00000000 00:00 0 
8ae90000-8b860000 ---p 00000000 00:00 0 
8b860000-93400000 rw-p 00000000 00:00 0 
93400000-97c80000 rw-p 00000000 00:00 0 
97c80000-dbc00000 rw-p 00000000 00:00 0 
dbc00000-dd280000 rw-p 00000000 00:00 0 
dd280000-de870000 ---p 00000000 00:00 0 
de870000-100000000 rw-p 00000000 00:00 0 
7f0b53e57000-7f0b53e5a000 ---p 00000000 00:00 0 
7f0b53e5a000-7f0b53f58000 rw-p 00000000 00:00 0                          [stack:30060]
7f0b53f58000-7f0b53f5b000 ---p 00000000 00:00 0 
7f0b53f5b000-7f0b54059000 rw-p 00000000 00:00 0                          [stack:30063]
7f0b54059000-7f0b5405c000 ---p 00000000 00:00 0 
7f0b5405c000-7f0b5415a000 rw-p 00000000 00:00 0                          [stack:30062]
7f0b5415a000-7f0b5418f000 rw-s 00000000 00:04 22118417                   /SYSV00000000 (deleted)
7f0b54252000-7f0b54255000 ---p 00000000 00:00 0 
7f0b54255000-7f0b54353000 rw-p 00000000 00:00 0                          [stack:29791]
7f0b54353000-7f0b54388000 rw-s 00000000 00:04 26574866                   /SYSV00000000 (deleted)
7f0b54388000-7f0b54505000 rw-s 00000000 00:04 26411019                   /SYSV00000000 (deleted)
7f0b54505000-7f0b54508000 ---p 00000000 00:00 0 
7f0b54508000-7f0b54606000 rw-p 00000000 00:00 0                          [stack:29787]
7f0b54608000-7f0b54644000 rw-s 00000000 00:04 28770320                   /SYSV00000000 (deleted)
7f0b54644000-7f0b54672000 r-xp 00000000 08:03 1325700                    /usr/lib/x86_64-linux-gnu/libbluray.so.1.1.0
7f0b54672000-7f0b54872000 ---p 0002e000 08:03 1325700                    /usr/lib/x86_64-linux-gnu/libbluray.so.1.1.0
7f0b54872000-7f0b54873000 r--p 0002e000 08:03 1325700                    /usr/lib/x86_64-linux-gnu/libbluray.so.1.1.0
7f0b54873000-7f0b54874000 rw-p 0002f000 08:03 1325700                    /usr/lib/x86_64-linux-gnu/libbluray.so.1.1.0
7f0b54874000-7f0b54876000 r-xp 00000000 08:03 276802                     /lib/x86_64-linux-gnu/libutil-2.13.so
7f0b54876000-7f0b54a75000 ---p 00002000 08:03 276802                     /lib/x86_64-linux-gnu/libutil-2.13.so
7f0b54a75000-7f0b54a76000 r--p 00001000 08:03 276802                     /lib/x86_64-linux-gnu/libutil-2.13.so
7f0b54a76000-7f0b54a77000 rw-p 00002000 08:03 276802                     /lib/x86_64-linux-gnu/libutil-2.13.so
7f0b54a77000-7f0b54a84000 r-xp 00000000 08:03 262472                     /lib/x86_64-linux-gnu/libudev.so.0.13.0
7f0b54a84000-7f0b54c84000 ---p 0000d000 08:03 262472                     /lib/x86_64-linux-gnu/libudev.so.0.13.0
7f0b54c84000-7f0b54c85000 r--p 0000d000 08:03 262472                     /lib/x86_64-linux-gnu/libudev.so.0.13.0
7f0b54c85000-7f0b54c86000 rw-p 0000e000 08:03 262472                     /lib/x86_64-linux-gnu/libudev.so.0.13.0
7f0b54c86000-7f0b54cca000 r-xp 00000000 08:03 274164                     /lib/x86_64-linux-gnu/libdbus-1.so.3.7.2
7f0b54cca000-7f0b54eca000 ---p 00044000 08:03 274164                     /lib/x86_64-linux-gnu/libdbus-1.so.3.7.2
7f0b54eca000-7f0b54ecb000 r--p 00044000 08:03 274164                     /lib/x86_64-linux-gnu/libdbus-1.so.3.7.2
7f0b54ecb000-7f0b54ecc000 rw-p 00045000 08:03 274164                     /lib/x86_64-linux-gnu/libdbus-1.so.3.7.2
7f0b54ecc000-7f0b54ee4000 r-xp 00000000 08:03 1578751                    /usr/lib/x86_64-linux-gnu/gvfs/libgvfscommon.so
7f0b54ee4000-7f0b550e3000 ---p 00018000 08:03 1578751                    /usr/lib/x86_64-linux-gnu/gvfs/libgvfscommon.so
7f0b550e3000-7f0b550e4000 r--p 00017000 08:03 1578751                    /usr/lib/x86_64-linux-gnu/gvfs/libgvfscommon.so
7f0b550e4000-7f0b550e5000 rw-p 00018000 08:03 1578751                    /usr/lib/x86_64-linux-gnu/gvfs/libgvfscommon.so
7f0b550e5000-7f0b5510e000 r-xp 00000000 08:03 1328860                    /usr/lib/x86_64-linux-gnu/gio/modules/libgvfsdbus.so
7f0b5510e000-7f0b5530e000 ---p 00029000 08:03 1328860                    /usr/lib/x86_64-linux-gnu/gio/modules/libgvfsdbus.so
7f0b5530e000-7f0b5530f000 r--p 00029000 08:03 1328860                    /usr/lib/x86_64-linux-gnu/gio/modules/libgvfsdbus.so
7f0b5530f000-7f0b55310000 rw-p 0002a000 08:03 1328860                    /usr/lib/x86_64-linux-gnu/gio/modules/libgvfsdbus.so
7f0b55310000-7f0b57633000 r--p 00000000 08:03 1582641                    /usr/share/icons/hicolor/icon-theme.cache
7f0b57633000-7f0b5caf3000 r--p 00000000 08:03 1578192                    /usr/share/icons/gnome/icon-theme.cache
7f0b5caf3000-7f0b5cd31000 r--p 00000000 08:03 1592085                    /usr/share/icons/Tango/icon-theme.cache
7f0b5cd31000-7f0b5cd34000 ---p 00000000 00:00 0 
7f0b5cd34000-7f0b5ce32000 rw-p 00000000 00:00 0                          [stack:29790]
7f0b5ce32000-7f0b5ce37000 r-xp 00000000 08:03 276791                     /lib/x86_64-linux-gnu/libnss_dns-2.13.so
7f0b5ce37000-7f0b5d036000 ---p 00005000 08:03 276791                     /lib/x86_64-linux-gnu/libnss_dns-2.13.so
7f0b5d036000-7f0b5d037000 r--p 00004000 08:03 276791                     /lib/x86_64-linux-gnu/libnss_dns-2.13.so
7f0b5d037000-7f0b5d038000 rw-p 00005000 08:03 276791                     /lib/x86_64-linux-gnu/libnss_dns-2.13.so
7f0b5d038000-7f0b5d03a000 r-xp 00000000 08:03 273520                     /lib/libnss_mdns4_minimal.so.2
7f0b5d03a000-7f0b5d239000 ---p 00002000 08:03 273520                     /lib/libnss_mdns4_minimal.so.2
7f0b5d239000-7f0b5d23a000 rw-p 00001000 08:03 273520                     /lib/libnss_mdns4_minimal.so.2
7f0b5d23a000-7f0b5d352000 rw-s 00000000 00:04 19529740                   /SYSV00000000 (deleted)
7f0b5d352000-7f0b5d355000 ---p 00000000 00:00 0 
7f0b5d355000-7f0b5d453000 rw-p 00000000 00:00 0                          [stack:29789]
7f0b5d453000-7f0b5d456000 ---p 00000000 00:00 0 
7f0b5d456000-7f0b5d554000 rw-p 00000000 00:00 0                          [stack:26237]
7f0b5d554000-7f0b5d562000 r-xp 00000000 00:15 958                        /home/aleph/shared-j/devel/lulzbot/TAZ/3.1/software/2014Q2/firmware/arduino-1.0.5/lib/librxtxSerial.so
7f0b5d562000-7f0b5d761000 ---p 0000e000 00:15 958                        /home/aleph/shared-j/devel/lulzbot/TAZ/3.1/software/2014Q2/firmware/arduino-1.0.5/lib/librxtxSerial.so
7f0b5d761000-7f0b5d762000 r--p 0000d000 00:15 958                        /home/aleph/shared-j/devel/lulzbot/TAZ/3.1/software/2014Q2/firmware/arduino-1.0.5/lib/librxtxSerial.so
7f0b5d762000-7f0b5d763000 rw-p 0000e000 00:15 958                        /home/aleph/shared-j/devel/lulzbot/TAZ/3.1/software/2014Q2/firmware/arduino-1.0.5/lib/librxtxSerial.so
7f0b5d763000-7f0b5d766000 ---p 00000000 00:00 0 
7f0b5d766000-7f0b5d864000 rw-p 00000000 00:00 0                          [stack:29518]
7f0b5d864000-7f0b5d867000 ---p 00000000 00:00 0 
7f0b5d867000-7f0b5d965000 rw-p 00000000 00:00 0                          [stack:26235]
7f0b5d965000-7f0b5d967000 r-xp 00000000 08:03 1447248                    /usr/lib/x86_64-linux-gnu/pango/1.6.0/modules/pango-basic-fc.so
7f0b5d967000-7f0b5db66000 ---p 00002000 08:03 1447248                    /usr/lib/x86_64-linux-gnu/pango/1.6.0/modules/pango-basic-fc.so
7f0b5db66000-7f0b5db67000 r--p 00001000 08:03 1447248                    /usr/lib/x86_64-linux-gnu/pango/1.6.0/modules/pango-basic-fc.so
7f0b5db67000-7f0b5db68000 rw-p 00002000 08:03 1447248                    /usr/lib/x86_64-linux-gnu/pango/1.6.0/modules/pango-basic-fc.so
7f0b5db68000-7f0b5db70000 r-xp 00000000 08:03 1971570                    /usr/lib/jvm/java-6-openjdk-amd64/jre/lib/amd64/libnio.so
7f0b5db70000-7f0b5dd6f000 ---p 00008000 08:03 1971570                    /usr/lib/jvm/java-6-openjdk-amd64/jre/lib/amd64/libnio.so
7f0b5dd6f000-7f0b5dd70000 rw-p 00007000 08:03 1971570                    /usr/lib/jvm/java-6-openjdk-amd64/jre/lib/amd64/libnio.so
7f0b5dd70000-7f0b5dd85000 r-xp 00000000 08:03 1971597                    /usr/lib/jvm/java-6-openjdk-amd64/jre/lib/amd64/libnet.so
7f0b5dd85000-7f0b5df85000 ---p 00015000 08:03 1971597                    /usr/lib/jvm/java-6-openjdk-amd64/jre/lib/amd64/libnet.so
7f0b5df85000-7f0b5df86000 rw-p 00015000 08:03 1971597                    /usr/lib/jvm/java-6-openjdk-amd64/jre/lib/amd64/libnet.so
7f0b5df86000-7f0b5df93000 r-xp 00000000 08:03 1331907                    /usr/lib/x86_64-linux-gnu/gtk-2.0/2.10.0/engines/libthinice.so
7f0b5df93000-7f0b5e192000 ---p 0000d000 08:03 1331907                    /usr/lib/x86_64-linux-gnu/gtk-2.0/2.10.0/engines/libthinice.so
7f0b5e192000-7f0b5e193000 r--p 0000c000 08:03 1331907                    /usr/lib/x86_64-linux-gnu/gtk-2.0/2.10.0/engines/libthinice.so
7f0b5e193000-7f0b5e194000 rw-p 0000d000 08:03 1331907                    /usr/lib/x86_64-linux-gnu/gtk-2.0/2.10.0/engines/libthinice.so
7f0b5e194000-7f0b5e1d0000 r-xp 00000000 08:03 262648                     /lib/x86_64-linux-gnu/libpcre.so.3.13.1
7f0b5e1d0000-7f0b5e3d0000 ---p 0003c000 08:03 262648                     /lib/x86_64-linux-gnu/libpcre.so.3.13.1
7f0b5e3d0000-7f0b5e3d1000 rw-p 0003c000 08:03 262648                     /lib/x86_64-linux-gnu/libpcre.so.3.13.1
7f0b5e3d1000-7f0b5e3dd000 r-xp 00000000 08:03 1314136                    /usr/lib/x86_64-linux-gnu/libffi.so.5.0.10
7f0b5e3dd000-7f0b5e5dd000 ---p 0000c000 08:03 1314136                    /usr/lib/x86_64-linux-gnu/libffi.so.5.0.10
7f0b5e5dd000-7f0b5e5de000 rw-p 0000c000 08:03 1314136                    /usr/lib/x86_64-linux-gnu/libffi.so.5.0.10
7f0b5e5de000-7f0b5e5df000 r-xp 00000000 08:03 1314139                    /usr/lib/x86_64-linux-gnu/libgthread-2.0.so.0.3200.4
7f0b5e5df000-7f0b5e7de000 ---p 00001000 08:03 1314139                    /usr/lib/x86_64-linux-gnu/libgthread-2.0.so.0.3200.4
7f0b5e7de000-7f0b5e7df000 r--p 00000000 08:03 1314139                    /usr/lib/x86_64-linux-gnu/libgthread-2.0.so.0.3200.4
7f0b5e7df000-7f0b5e7e0000 rw-p 00001000 08:03 1314139                    /usr/lib/x86_64-linux-gnu/libgthread-2.0.so.0.3200.4
7f0b5e7e0000-7f0b5e807000 r-xp 00000000 08:03 273199                     /lib/x86_64-linux-gnu/libexpat.so.1.6.0
7f0b5e807000-7f0b5ea07000 ---p 00027000 08:03 273199                     /lib/x86_64-linux-gnu/libexpat.so.1.6.0
7f0b5ea07000-7f0b5ea09000 r--p 00027000 08:03 273199                     /lib/x86_64-linux-gnu/libexpat.so.1.6.0
7f0b5ea09000-7f0b5ea0a000 rw-p 00029000 08:03 273199                     /lib/x86_64-linux-gnu/libexpat.so.1.6.0
7f0b5ea0a000-7f0b5ea1d000 r-xp 00000000 08:03 276798                     /lib/x86_64-linux-gnu/libresolv-2.13.so
7f0b5ea1d000-7f0b5ec1c000 ---p 00013000 08:03 276798                     /lib/x86_64-linux-gnu/libresolv-2.13.so
7f0b5ec1c000-7f0b5ec1d000 r--p 00012000 08:03 276798                     /lib/x86_64-linux-gnu/libresolv-2.13.so
7f0b5ec1d000-7f0b5ec1e000 rw-p 00013000 08:03 276798                     /lib/x86_64-linux-gnu/libresolv-2.13.so
7f0b5ec1e000-7f0b5ec20000 rw-p 00000000 00:00 0 
7f0b5ec20000-7f0b5ec3e000 r-xp 00000000 08:03 262182                     /lib/x86_64-linux-gnu/libselinux.so.1
7f0b5ec3e000-7f0b5ee3d000 ---p 0001e000 08:03 262182                     /lib/x86_64-linux-gnu/libselinux.so.1
7f0b5ee3d000-7f0b5ee3e000 r--p 0001d000 08:03 262182                     /lib/x86_64-linux-gnu/libselinux.so.1
7f0b5ee3e000-7f0b5ee3f000 rw-p 0001e000 08:03 262182                     /lib/x86_64-linux-gnu/libselinux.so.1
7f0b5ee3f000-7f0b5ee40000 rw-p 00000000 00:00 0 
7f0b5ee40000-7f0b5ee48000 r-xp 00000000 08:03 1317240                    /usr/lib/x86_64-linux-gnu/libxcb-render.so.0.0.0
7f0b5ee48000-7f0b5f048000 ---p 00008000 08:03 1317240                    /usr/lib/x86_64-linux-gnu/libxcb-render.so.0.0.0
7f0b5f048000-7f0b5f049000 r--p 00008000 08:03 1317240                    /usr/lib/x86_64-linux-gnu/libxcb-render.so.0.0.0
7f0b5f049000-7f0b5f04a000 rw-p 00009000 08:03 1317240                    /usr/lib/x86_64-linux-gnu/libxcb-render.so.0.0.0
7f0b5f04a000-7f0b5f04c000 r-xp 00000000 08:03 1317242                    /usr/lib/x86_64-linux-gnu/libxcb-shm.so.0.0.0
7f0b5f04c000-7f0b5f24b000 ---p 00002000 08:03 1317242                    /usr/lib/x86_64-linux-gnu/libxcb-shm.so.0.0.0
7f0b5f24b000-7f0b5f24c000 r--p 00001000 08:03 1317242                    /usr/lib/x86_64-linux-gnu/libxcb-shm.so.0.0.0
7f0b5f24c000-7f0b5f24d000 rw-p 00002000 08:03 1317242                    /usr/lib/x86_64-linux-gnu/libxcb-shm.so.0.0.0
7f0b5f24d000-7f0b5f273000 r-xp 00000000 08:03 262658                     /lib/x86_64-linux-gnu/libpng12.so.0.49.0
7f0b5f273000-7f0b5f472000 ---p 00026000 08:03 262658                     /lib/x86_64-linux-gnu/libpng12.so.0.49.0
7f0b5f472000-7f0b5f473000 r--p 00025000 08:03 262658                     /lib/x86_64-linux-gnu/libpng12.so.0.49.0
7f0b5f473000-7f0b5f474000 rw-p 00026000 08:03 262658                     /lib/x86_64-linux-gnu/libpng12.so.0.49.0
7f0b5f474000-7f0b5f4f4000 r-xp 00000000 08:03 1310740                    /usr/lib/x86_64-linux-gnu/libpixman-1.so.0.26.0
7f0b5f4f4000-7f0b5f6f4000 ---p 00080000 08:03 1310740                    /usr/lib/x86_64-linux-gnu/libpixman-1.so.0.26.0
7f0b5f6f4000-7f0b5f6fa000 rw-p 00080000 08:03 1310740                    /usr/lib/x86_64-linux-gnu/libpixman-1.so.0.26.0
7f0b5f6fa000-7f0b5f6fd000 r-xp 00000000 08:03 1314140                    /usr/lib/x86_64-linux-gnu/libgmodule-2.0.so.0.3200.4
7f0b5f6fd000-7f0b5f8fc000 ---p 00003000 08:03 1314140                    /usr/lib/x86_64-linux-gnu/libgmodule-2.0.so.0.3200.4
7f0b5f8fc000-7f0b5f8fd000 r--p 00002000 08:03 1314140                    /usr/lib/x86_64-linux-gnu/libgmodule-2.0.so.0.3200.4
7f0b5f8fd000-7f0b5f8fe000 rw-p 00003000 08:03 1314140                    /usr/lib/x86_64-linux-gnu/libgmodule-2.0.so.0.3200.4
7f0b5f8fe000-7f0b5f905000 r-xp 00000000 08:03 1318864                    /usr/lib/x86_64-linux-gnu/libXrandr.so.2.2.0
7f0b5f905000-7f0b5fb05000 ---p 00007000 08:03 1318864                    /usr/lib/x86_64-linux-gnu/libXrandr.so.2.2.0
7f0b5fb05000-7f0b5fb06000 rw-p 00007000 08:03 1318864                    /usr/lib/x86_64-linux-gnu/libXrandr.so.2.2.0
7f0b5fb06000-7f0b5fb08000 r-xp 00000000 08:03 1318860                    /usr/lib/x86_64-linux-gnu/libXinerama.so.1.0.0
7f0b5fb08000-7f0b5fd07000 ---p 00002000 08:03 1318860                    /usr/lib/x86_64-linux-gnu/libXinerama.so.1.0.0
7f0b5fd07000-7f0b5fd08000 rw-p 00001000 08:03 1318860                    /usr/lib/x86_64-linux-gnu/libXinerama.so.1.0.0
7f0b5fd08000-7f0b5fdfd000 r-xp 00000000 08:03 262654                     /lib/x86_64-linux-gnu/libglib-2.0.so.0.3200.4
7f0b5fdfd000-7f0b5fffd000 ---p 000f5000 08:03 262654                     /lib/x86_64-linux-gnu/libglib-2.0.so.0.3200.4
7f0b5fffd000-7f0b5fffe000 r--p 000f5000 08:03 262654                     /lib/x86_64-linux-gnu/libglib-2.0.so.0.3200.4
7f0b5fffe000-7f0b5ffff000 rw-p 000f6000 08:03 262654                     /lib/x86_64-linux-gnu/libglib-2.0.so.0.3200.4
7f0b5ffff000-7f0b60000000 rw-p 00000000 00:00 0 
7f0b60000000-7f0b6152b000 rw-p 00000000 00:00 0 
7f0b6152b000-7f0b64000000 ---p 00000000 00:00 0 
7f0b64020000-7f0b64041000 r--s 00000000 08:03 1584573                    /usr/share/mime/mime.cache
7f0b64041000-7f0b64044000 ---p 00000000 00:00 0 
7f0b64044000-7f0b64142000 rw-p 00000000 00:00 0                          [stack:26234]
7f0b64142000-7f0b641f2000 r--p 00000000 08:03 1445629                    /usr/share/fonts/truetype/ttf-dejavu/DejaVuSans.ttf
7f0b641f2000-7f0b64240000 r-xp 00000000 08:03 1314138                    /usr/lib/x86_64-linux-gnu/libgobject-2.0.so.0.3200.4
7f0b64240000-7f0b64440000 ---p 0004e000 08:03 1314138                    /usr/lib/x86_64-linux-gnu/libgobject-2.0.so.0.3200.4
7f0b64440000-7f0b64441000 r--p 0004e000 08:03 1314138                    /usr/lib/x86_64-linux-gnu/libgobject-2.0.so.0.3200.4
7f0b64441000-7f0b64442000 rw-p 0004f000 08:03 1314138                    /usr/lib/x86_64-linux-gnu/libgobject-2.0.so.0.3200.4
7f0b64442000-7f0b64477000 r-xp 00000000 08:03 1316735                    /usr/lib/x86_64-linux-gnu/libfontconfig.so.1.5.0
7f0b64477000-7f0b64677000 ---p 00035000 08:03 1316735                    /usr/lib/x86_64-linux-gnu/libfontconfig.so.1.5.0
7f0b64677000-7f0b64678000 r--p 00035000 08:03 1316735                    /usr/lib/x86_64-linux-gnu/libfontconfig.so.1.5.0
7f0b64678000-7f0b64679000 rw-p 00036000 08:03 1316735                    /usr/lib/x86_64-linux-gnu/libfontconfig.so.1.5.0
7f0b64679000-7f0b646c3000 r-xp 00000000 08:03 1318112                    /usr/lib/x86_64-linux-gnu/libpango-1.0.so.0.3000.0
7f0b646c3000-7f0b648c3000 ---p 0004a000 08:03 1318112                    /usr/lib/x86_64-linux-gnu/libpango-1.0.so.0.3000.0
7f0b648c3000-7f0b648c5000 r--p 0004a000 08:03 1318112                    /usr/lib/x86_64-linux-gnu/libpango-1.0.so.0.3000.0
7f0b648c5000-7f0b648c6000 rw-p 0004c000 08:03 1318112                    /usr/lib/x86_64-linux-gnu/libpango-1.0.so.0.3000.0
7f0b648c6000-7f0b648f0000 r-xp 00000000 08:03 1318122                    /usr/lib/x86_64-linux-gnu/libpangoft2-1.0.so.0.3000.0
7f0b648f0000-7f0b64aef000 ---p 0002a000 08:03 1318122                    /usr/lib/x86_64-linux-gnu/libpangoft2-1.0.so.0.3000.0
7f0b64aef000-7f0b64af0000 r--p 00029000 08:03 1318122                    /usr/lib/x86_64-linux-gnu/libpangoft2-1.0.so.0.3000.0
7f0b64af0000-7f0b64af1000 rw-p 0002a000 08:03 1318122                    /usr/lib/x86_64-linux-gnu/libpangoft2-1.0.so.0.3000.0
7f0b64af1000-7f0b64c3d000 r-xp 00000000 08:03 1314144                    /usr/lib/x86_64-linux-gnu/libgio-2.0.so.0.3200.4
7f0b64c3d000-7f0b64e3c000 ---p 0014c000 08:03 1314144                    /usr/lib/x86_64-linux-gnu/libgio-2.0.so.0.3200.4
7f0b64e3c000-7f0b64e40000 r--p 0014b000 08:03 1314144                    /usr/lib/x86_64-linux-gnu/libgio-2.0.so.0.3200.4
7f0b64e40000-7f0b64e42000 rw-p 0014f000 08:03 1314144                    /usr/lib/x86_64-linux-gnu/libgio-2.0.so.0.3200.4
7f0b64e42000-7f0b64e44000 rw-p 00000000 00:00 0 
7f0b64e44000-7f0b64e63000 r-xp 00000000 08:03 1318052                    /usr/lib/x86_64-linux-gnu/libgdk_pixbuf-2.0.so.0.2600.1
7f0b64e63000-7f0b65062000 ---p 0001f000 08:03 1318052                    /usr/lib/x86_64-linux-gnu/libgdk_pixbuf-2.0.so.0.2600.1
7f0b65062000-7f0b65063000 r--p 0001e000 08:03 1318052                    /usr/lib/x86_64-linux-gnu/libgdk_pixbuf-2.0.so.0.2600.1
7f0b65063000-7f0b65064000 rw-p 0001f000 08:03 1318052                    /usr/lib/x86_64-linux-gnu/libgdk_pixbuf-2.0.so.0.2600.1
7f0b65064000-7f0b65158000 r-xp 00000000 08:03 1317246                    /usr/lib/x86_64-linux-gnu/libcairo.so.2.11200.2
7f0b65158000-7f0b65357000 ---p 000f4000 08:03 1317246                    /usr/lib/x86_64-linux-gnu/libcairo.so.2.11200.2
7f0b65357000-7f0b6535a000 r--p 000f3000 08:03 1317246                    /usr/lib/x86_64-linux-gnu/libcairo.so.2.11200.2
7f0b6535a000-7f0b6535b000 rw-p 000f6000 08:03 1317246                    /usr/lib/x86_64-linux-gnu/libcairo.so.2.11200.2
7f0b6535b000-7f0b6535d000 rw-p 00000000 00:00 0 
7f0b6535d000-7f0b6537e000 r-xp 00000000 08:03 1318442                    /usr/lib/x86_64-linux-gnu/libatk-1.0.so.0.20409.1
7f0b6537e000-7f0b6557d000 ---p 00021000 08:03 1318442                    /usr/lib/x86_64-linux-gnu/libatk-1.0.so.0.20409.1
7f0b6557d000-7f0b6557f000 r--p 00020000 08:03 1318442                    /usr/lib/x86_64-linux-gnu/libatk-1.0.so.0.20409.1
7f0b6557f000-7f0b65580000 rw-p 00022000 08:03 1318442                    /usr/lib/x86_64-linux-gnu/libatk-1.0.so.0.20409.1
7f0b65580000-7f0b65582000 r-xp 00000000 08:03 1318506                    /usr/lib/x86_64-linux-gnu/libXdamage.so.1.1.0
7f0b65582000-7f0b65781000 ---p 00002000 08:03 1318506                    /usr/lib/x86_64-linux-gnu/libXdamage.so.1.1.0
7f0b65781000-7f0b65782000 rw-p 00001000 08:03 1318506                    /usr/lib/x86_64-linux-gnu/libXdamage.so.1.1.0
7f0b65782000-7f0b65784000 r-xp 00000000 08:03 1318498                    /usr/lib/x86_64-linux-gnu/libXcomposite.so.1.0.0
7f0b65784000-7f0b65983000 ---p 00002000 08:03 1318498                    /usr/lib/x86_64-linux-gnu/libXcomposite.so.1.0.0
7f0b65983000-7f0b65984000 rw-p 00001000 08:03 1318498                    /usr/lib/x86_64-linux-gnu/libXcomposite.so.1.0.0
7f0b65984000-7f0b65990000 r-xp 00000000 08:03 1318116                    /usr/lib/x86_64-linux-gnu/libpangocairo-1.0.so.0.3000.0
7f0b65990000-7f0b65b8f000 ---p 0000c000 08:03 1318116                    /usr/lib/x86_64-linux-gnu/libpangocairo-1.0.so.0.3000.0
7f0b65b8f000-7f0b65b90000 r--p 0000b000 08:03 1318116                    /usr/lib/x86_64-linux-gnu/libpangocairo-1.0.so.0.3000.0
7f0b65b90000-7f0b65b91000 rw-p 0000c000 08:03 1318116                    /usr/lib/x86_64-linux-gnu/libpangocairo-1.0.so.0.3000.0
7f0b65b91000-7f0b65c40000 r-xp 00000000 08:03 1321703                    /usr/lib/x86_64-linux-gnu/libgdk-x11-2.0.so.0.2400.10
7f0b65c40000-7f0b65e3f000 ---p 000af000 08:03 1321703                    /usr/lib/x86_64-linux-gnu/libgdk-x11-2.0.so.0.2400.10
7f0b65e3f000-7f0b65e44000 rw-p 000ae000 08:03 1321703                    /usr/lib/x86_64-linux-gnu/libgdk-x11-2.0.so.0.2400.10
7f0b65e44000-7f0b66276000 r-xp 00000000 08:03 1321683                    /usr/lib/x86_64-linux-gnu/libgtk-x11-2.0.so.0.2400.10
7f0b66276000-7f0b66476000 ---p 00432000 08:03 1321683                    /usr/lib/x86_64-linux-gnu/libgtk-x11-2.0.so.0.2400.10
7f0b66476000-7f0b66481000 rw-p 00432000 08:03 1321683                    /usr/lib/x86_64-linux-gnu/libgtk-x11-2.0.so.0.2400.10
7f0b66481000-7f0b66483000 rw-p 00000000 00:00 0 
7f0b66483000-7f0b66488000 r-xp 00000000 08:03 1318502                    /usr/lib/x86_64-linux-gnu/libXfixes.so.3.1.0
7f0b66488000-7f0b66687000 ---p 00005000 08:03 1318502                    /usr/lib/x86_64-linux-gnu/libXfixes.so.3.1.0
7f0b66687000-7f0b66688000 r--p 00004000 08:03 1318502                    /usr/lib/x86_64-linux-gnu/libXfixes.so.3.1.0
7f0b66688000-7f0b66689000 rw-p 00005000 08:03 1318502                    /usr/lib/x86_64-linux-gnu/libXfixes.so.3.1.0
7f0b66689000-7f0b6668a000 r--s 00000000 08:03 400750                     /var/cache/fontconfig/c05880de57d1f5e948fdfacc138775d9-le64.cache-3
7f0b6668a000-7f0b66693000 r--s 00000000 08:03 400749                     /var/cache/fontconfig/945677eb7aeaf62f1d50efc3fb3ec7d8-le64.cache-3
7f0b66693000-7f0b66698000 r--s 00000000 08:03 400747                     /var/cache/fontconfig/6eb3985aa4124903f6ff08ba781cd364-le64.cache-3
7f0b66698000-7f0b666a1000 r--s 00000000 08:03 400746                     /var/cache/fontconfig/6d41288fd70b0be22e8c3a91e032eec0-le64.cache-3
7f0b666a1000-7f0b666a6000 r--s 00000000 08:03 400743                     /var/cache/fontconfig/3047814df9a2f067bd2d96a2b9c36e5a-le64.cache-3
7f0b666a6000-7f0b666b7000 r--s 00000000 08:03 402462                     /var/cache/fontconfig/d52a8644073d54c13679302ca1180695-le64.cache-3
7f0b666d7000-7f0b666d8000 r--s 00000000 08:04 12715954                   /home/aleph/.local/share/mime/mime.cache
7f0b666e3000-7f0b66743000 rw-s 00000000 00:04 19464202                   /SYSV00000000 (deleted)
7f0b66743000-7f0b66744000 rw-p 00000000 00:00 0 
7f0b66744000-7f0b6674d000 r--s 00000000 08:03 400749                     /var/cache/fontconfig/945677eb7aeaf62f1d50efc3fb3ec7d8-le64.cache-3
7f0b6674d000-7f0b66752000 r--s 00000000 08:03 400747                     /var/cache/fontconfig/6eb3985aa4124903f6ff08ba781cd364-le64.cache-3
7f0b66752000-7f0b66763000 r--s 00000000 08:03 402462                     /var/cache/fontconfig/d52a8644073d54c13679302ca1180695-le64.cache-3
7f0b66763000-7f0b66794000 rw-p 00000000 00:00 0 
7f0b66794000-7f0b66797000 ---p 00000000 00:00 0 
7f0b66797000-7f0b66895000 rw-p 00000000 00:00 0                          [stack:26233]
7f0b66895000-7f0b66896000 r--s 00000000 08:03 400750                     /var/cache/fontconfig/c05880de57d1f5e948fdfacc138775d9-le64.cache-3
7f0b66896000-7f0b6689f000 r--s 00000000 08:03 400749                     /var/cache/fontconfig/945677eb7aeaf62f1d50efc3fb3ec7d8-le64.cache-3
7f0b6689f000-7f0b668a4000 r--s 00000000 08:03 400747                     /var/cache/fontconfig/6eb3985aa4124903f6ff08ba781cd364-le64.cache-3
7f0b668a4000-7f0b668ad000 r--s 00000000 08:03 400746                     /var/cache/fontconfig/6d41288fd70b0be22e8c3a91e032eec0-le64.cache-3
7f0b668ad000-7f0b668ae000 r--s 00000000 08:03 400330                     /var/cache/fontconfig/4794a0821666d79190d59a36cb4f44b5-le64.cache-3
7f0b668ae000-7f0b668b3000 r--s 00000000 08:03 400743                     /var/cache/fontconfig/3047814df9a2f067bd2d96a2b9c36e5a-le64.cache-3
7f0b668b3000-7f0b668c4000 r--s 00000000 08:03 402462                     /var/cache/fontconfig/d52a8644073d54c13679302ca1180695-le64.cache-3
7f0b668c4000-7f0b668c5000 r--s 00000000 08:03 400750                     /var/cache/fontconfig/c05880de57d1f5e948fdfacc138775d9-le64.cache-3
7f0b668c5000-7f0b668ce000 r--s 00000000 08:03 400746                     /var/cache/fontconfig/6d41288fd70b0be22e8c3a91e032eec0-le64.cache-3
7f0b668ce000-7f0b668cf000 r--s 00000000 08:03 400330                     /var/cache/fontconfig/4794a0821666d79190d59a36cb4f44b5-le64.cache-3
7f0b668cf000-7f0b668d4000 r--s 00000000 08:03 400743                     /var/cache/fontconfig/3047814df9a2f067bd2d96a2b9c36e5a-le64.cache-3
7f0b668d4000-7f0b668de000 r-xp 00000000 08:03 1318852                    /usr/lib/x86_64-linux-gnu/libXcursor.so.1.0.2
7f0b668de000-7f0b66add000 ---p 0000a000 08:03 1318852                    /usr/lib/x86_64-linux-gnu/libXcursor.so.1.0.2
7f0b66add000-7f0b66ade000 rw-p 00009000 08:03 1318852                    /usr/lib/x86_64-linux-gnu/libXcursor.so.1.0.2
7f0b66ade000-7f0b66ae1000 r--s 00000000 08:03 400744                     /var/cache/fontconfig/c57959a16110560c8d0fcea73374aeeb-le64.cache-3
7f0b66ae1000-7f0b66ae4000 r--s 00000000 08:03 400742                     /var/cache/fontconfig/e49e89034d371f0f9de17aab02136486-le64.cache-3
7f0b66ae4000-7f0b66ae6000 r--s 00000000 08:03 400741                     /var/cache/fontconfig/4b14b093aebc79c320de5e86ae1d3314-le64.cache-3
7f0b66ae6000-7f0b66aed000 r--s 00000000 08:03 393310                     /var/cache/fontconfig/3f7329c5293ffd510edef78f73874cfd-le64.cache-3
7f0b66aed000-7f0b66af7000 r--s 00000000 08:03 400738                     /var/cache/fontconfig/83bf95040141907cd45bb53cf7c1c148-le64.cache-3
7f0b66af7000-7f0b66af8000 r--s 00000000 08:03 400737                     /var/cache/fontconfig/62f91419b9ebdb6975e7e41ab6412357-le64.cache-3
7f0b66af8000-7f0b66afb000 r--s 00000000 08:03 400725                     /var/cache/fontconfig/e13b20fdb08344e0e664864cc2ede53d-le64.cache-3
7f0b66afb000-7f0b66afe000 r--s 00000000 08:03 400744                     /var/cache/fontconfig/c57959a16110560c8d0fcea73374aeeb-le64.cache-3
7f0b66afe000-7f0b66b01000 r--s 00000000 08:03 400742                     /var/cache/fontconfig/e49e89034d371f0f9de17aab02136486-le64.cache-3
7f0b66b01000-7f0b66b03000 r--s 00000000 08:03 400741                     /var/cache/fontconfig/4b14b093aebc79c320de5e86ae1d3314-le64.cache-3
7f0b66b03000-7f0b66b0a000 r--s 00000000 08:03 393310                     /var/cache/fontconfig/3f7329c5293ffd510edef78f73874cfd-le64.cache-3
7f0b66b0a000-7f0b66b14000 r--s 00000000 08:03 400738                     /var/cache/fontconfig/83bf95040141907cd45bb53cf7c1c148-le64.cache-3
7f0b66b14000-7f0b66b15000 r--s 00000000 08:03 400737                     /var/cache/fontconfig/62f91419b9ebdb6975e7e41ab6412357-le64.cache-3
7f0b66b15000-7f0b66b18000 r--s 00000000 08:03 400725                     /var/cache/fontconfig/e13b20fdb08344e0e664864cc2ede53d-le64.cache-3
7f0b66b18000-7f0b66b1b000 ---p 00000000 00:00 0 
7f0b66b1b000-7f0b66c19000 rw-p 00000000 00:00 0                          [stack:26232]
7f0b66c19000-7f0b66cb2000 r-xp 00000000 08:03 1316722                    /usr/lib/x86_64-linux-gnu/libfreetype.so.6.8.1
7f0b66cb2000-7f0b66eb1000 ---p 00099000 08:03 1316722                    /usr/lib/x86_64-linux-gnu/libfreetype.so.6.8.1
7f0b66eb1000-7f0b66eb7000 r--p 00098000 08:03 1316722                    /usr/lib/x86_64-linux-gnu/libfreetype.so.6.8.1
7f0b66eb7000-7f0b66eb8000 rw-p 0009e000 08:03 1316722                    /usr/lib/x86_64-linux-gnu/libfreetype.so.6.8.1
7f0b66eb8000-7f0b66f06000 r-xp 00000000 08:03 1971563                    /usr/lib/jvm/java-6-openjdk-amd64/jre/lib/amd64/libfontmanager.so
7f0b66f06000-7f0b67106000 ---p 0004e000 08:03 1971563                    /usr/lib/jvm/java-6-openjdk-amd64/jre/lib/amd64/libfontmanager.so
7f0b67106000-7f0b67109000 rw-p 0004e000 08:03 1971563                    /usr/lib/jvm/java-6-openjdk-amd64/jre/lib/amd64/libfontmanager.so
7f0b67109000-7f0b6710e000 r-xp 00000000 08:03 1316742                    /usr/lib/x86_64-linux-gnu/libXdmcp.so.6.0.0
7f0b6710e000-7f0b6730d000 ---p 00005000 08:03 1316742                    /usr/lib/x86_64-linux-gnu/libXdmcp.so.6.0.0
7f0b6730d000-7f0b6730e000 rw-p 00004000 08:03 1316742                    /usr/lib/x86_64-linux-gnu/libXdmcp.so.6.0.0
7f0b6730e000-7f0b67310000 r-xp 00000000 08:03 1316740                    /usr/lib/x86_64-linux-gnu/libXau.so.6.0.0
7f0b67310000-7f0b67510000 ---p 00002000 08:03 1316740                    /usr/lib/x86_64-linux-gnu/libXau.so.6.0.0
7f0b67510000-7f0b67511000 rw-p 00002000 08:03 1316740                    /usr/lib/x86_64-linux-gnu/libXau.so.6.0.0
7f0b67511000-7f0b67530000 r-xp 00000000 08:03 1316744                    /usr/lib/x86_64-linux-gnu/libxcb.so.1.1.0
7f0b67530000-7f0b6772f000 ---p 0001f000 08:03 1316744                    /usr/lib/x86_64-linux-gnu/libxcb.so.1.1.0
7f0b6772f000-7f0b67730000 r--p 0001e000 08:03 1316744                    /usr/lib/x86_64-linux-gnu/libxcb.so.1.1.0
7f0b67730000-7f0b67731000 rw-p 0001f000 08:03 1316744                    /usr/lib/x86_64-linux-gnu/libxcb.so.1.1.0
7f0b67731000-7f0b6773f000 r-xp 00000000 08:03 1318856                    /usr/lib/x86_64-linux-gnu/libXi.so.6.1.0
7f0b6773f000-7f0b6793f000 ---p 0000e000 08:03 1318856                    /usr/lib/x86_64-linux-gnu/libXi.so.6.1.0
7f0b6793f000-7f0b67940000 rw-p 0000e000 08:03 1318856                    /usr/lib/x86_64-linux-gnu/libXi.so.6.1.0
7f0b67940000-7f0b67945000 r-xp 00000000 08:03 1323230                    /usr/lib/x86_64-linux-gnu/libXtst.so.6.1.0
7f0b67945000-7f0b67b44000 ---p 00005000 08:03 1323230                    /usr/lib/x86_64-linux-gnu/libXtst.so.6.1.0
7f0b67b44000-7f0b67b45000 rw-p 00004000 08:03 1323230                    /usr/lib/x86_64-linux-gnu/libXtst.so.6.1.0
7f0b67b45000-7f0b67b4e000 r-xp 00000000 08:03 1317244                    /usr/lib/x86_64-linux-gnu/libXrender.so.1.3.0
7f0b67b4e000-7f0b67d4d000 ---p 00009000 08:03 1317244                    /usr/lib/x86_64-linux-gnu/libXrender.so.1.3.0
7f0b67d4d000-7f0b67d4e000 rw-p 00008000 08:03 1317244                    /usr/lib/x86_64-linux-gnu/libXrender.so.1.3.0
7f0b67d4e000-7f0b67e83000 r-xp 00000000 08:03 1316749                    /usr/lib/x86_64-linux-gnu/libX11.so.6.3.0
7f0b67e83000-7f0b68083000 ---p 00135000 08:03 1316749                    /usr/lib/x86_64-linux-gnu/libX11.so.6.3.0
7f0b68083000-7f0b68089000 rw-p 00135000 08:03 1316749                    /usr/lib/x86_64-linux-gnu/libX11.so.6.3.0
7f0b68089000-7f0b6809a000 r-xp 00000000 08:03 1318510                    /usr/lib/x86_64-linux-gnu/libXext.so.6.4.0
7f0b6809a000-7f0b6829a000 ---p 00011000 08:03 1318510                    /usr/lib/x86_64-linux-gnu/libXext.so.6.4.0
7f0b6829a000-7f0b6829b000 rw-p 00011000 08:03 1318510                    /usr/lib/x86_64-linux-gnu/libXext.so.6.4.0
7f0b6829b000-7f0b6829c000 r--s 00000000 08:03 400330                     /var/cache/fontconfig/4794a0821666d79190d59a36cb4f44b5-le64.cache-3
7f0b6829c000-7f0b6829f000 r--s 00000000 08:03 400744                     /var/cache/fontconfig/c57959a16110560c8d0fcea73374aeeb-le64.cache-3
7f0b6829f000-7f0b682a2000 r--s 00000000 08:03 400742                     /var/cache/fontconfig/e49e89034d371f0f9de17aab02136486-le64.cache-3
7f0b682a2000-7f0b682a4000 r--s 00000000 08:03 400741                     /var/cache/fontconfig/4b14b093aebc79c320de5e86ae1d3314-le64.cache-3
7f0b682a4000-7f0b682ab000 r--s 00000000 08:03 393310                     /var/cache/fontconfig/3f7329c5293ffd510edef78f73874cfd-le64.cache-3
7f0b682ab000-7f0b682b5000 r--s 00000000 08:03 400738                     /var/cache/fontconfig/83bf95040141907cd45bb53cf7c1c148-le64.cache-3
7f0b682b5000-7f0b682b8000 r--s 00000000 08:03 400725                     /var/cache/fontconfig/e13b20fdb08344e0e664864cc2ede53d-le64.cache-3
7f0b682b8000-7f0b68305000 r-xp 00000000 08:03 1970459                    /usr/lib/jvm/java-6-openjdk-amd64/jre/lib/amd64/xawt/libmawt.so
7f0b68305000-7f0b68504000 ---p 0004d000 08:03 1970459                    /usr/lib/jvm/java-6-openjdk-amd64/jre/lib/amd64/xawt/libmawt.so
7f0b68504000-7f0b68508000 rw-p 0004c000 08:03 1970459                    /usr/lib/jvm/java-6-openjdk-amd64/jre/lib/amd64/xawt/libmawt.so
7f0b68508000-7f0b68509000 rw-p 00000000 00:00 0 
7f0b68509000-7f0b685a9000 r-xp 00000000 08:03 1971546                    /usr/lib/jvm/java-6-openjdk-amd64/jre/lib/amd64/libawt.so
7f0b685a9000-7f0b687a9000 ---p 000a0000 08:03 1971546                    /usr/lib/jvm/java-6-openjdk-amd64/jre/lib/amd64/libawt.so
7f0b687a9000-7f0b687b4000 rw-p 000a0000 08:03 1971546                    /usr/lib/jvm/java-6-openjdk-amd64/jre/lib/amd64/libawt.so
7f0b687b4000-7f0b687d9000 rw-p 00000000 00:00 0 
7f0b687d9000-7f0b687e0000 r--s 00054000 08:03 1835781                    /usr/lib/jvm/java-6-openjdk-common/jre/lib/resources.jar
7f0b687e0000-7f0b687e4000 r--s 0003c000 08:03 1835788                    /usr/lib/jvm/java-6-openjdk-common/jre/lib/jsse.jar
7f0b687e4000-7f0b687e5000 ---p 00000000 00:00 0 
7f0b687e5000-7f0b688e5000 rw-p 00000000 00:00 0                          [stack:26231]
7f0b688e5000-7f0b688e8000 ---p 00000000 00:00 0 
7f0b688e8000-7f0b689e6000 rw-p 00000000 00:00 0                          [stack:26230]
7f0b689e6000-7f0b689e9000 ---p 00000000 00:00 0 
7f0b689e9000-7f0b68ae7000 rw-p 00000000 00:00 0                          [stack:26229]
7f0b68ae7000-7f0b68aea000 ---p 00000000 00:00 0 
7f0b68aea000-7f0b68be8000 rw-p 00000000 00:00 0                          [stack:26228]
7f0b68be8000-7f0b68beb000 ---p 00000000 00:00 0 
7f0b68beb000-7f0b68ce9000 rw-p 00000000 00:00 0                          [stack:26227]
7f0b68ce9000-7f0b68e60000 r--p 00000000 08:03 1315993                    /usr/lib/locale/locale-archive
7f0b68e60000-7f0b68e63000 ---p 00000000 00:00 0 
7f0b68e63000-7f0b68f61000 rw-p 00000000 00:00 0                          [stack:26226]
7f0b68f61000-7f0b68f64000 ---p 00000000 00:00 0 
7f0b68f64000-7f0b69062000 rw-p 00000000 00:00 0                          [stack:26225]
7f0b69062000-7f0b69063000 ---p 00000000 00:00 0 
7f0b69063000-7f0b6a14a000 rw-p 00000000 00:00 0                          [stack:26224]
7f0b6a14a000-7f0b6a2e0000 r--s 01a15000 08:03 1971539                    /usr/lib/jvm/java-6-openjdk-amd64/jre/lib/rt.jar
7f0b6a2e0000-7f0b6ed7c000 rw-p 00000000 00:00 0 
7f0b6ed7c000-7f0b6ed7d000 ---p 00000000 00:00 0 
7f0b6ed7d000-7f0b6ee7d000 rw-p 00000000 00:00 0                          [stack:26223]
7f0b6ee7d000-7f0b6ee7e000 ---p 00000000 00:00 0 
7f0b6ee7e000-7f0b6ef7e000 rw-p 00000000 00:00 0                          [stack:26222]
7f0b6ef7e000-7f0b6ef7f000 ---p 00000000 00:00 0 
7f0b6ef7f000-7f0b6f07f000 rw-p 00000000 00:00 0                          [stack:26221]
7f0b6f07f000-7f0b6f080000 ---p 00000000 00:00 0 
7f0b6f080000-7f0b6f191000 rw-p 00000000 00:00 0                          [stack:26220]
7f0b6f191000-7f0b6f196000 ---p 00000000 00:00 0 
7f0b6f196000-7f0b6f1d3000 rw-p 00000000 00:00 0 
7f0b6f1d3000-7f0b6f1f8000 rw-p 00000000 00:00 0 
7f0b6f1f8000-7f0b6f417000 rw-p 00000000 00:00 0 
7f0b6f417000-7f0b6f428000 rw-p 00000000 00:00 0 
7f0b6f428000-7f0b6f42d000 ---p 00000000 00:00 0 
7f0b6f42d000-7f0b6f46a000 rw-p 00000000 00:00 0 
7f0b6f46a000-7f0b6f48f000 rw-p 00000000 00:00 0 
7f0b6f48f000-7f0b6f6ae000 rw-p 00000000 00:00 0 
7f0b6f6ae000-7f0b6f6ba000 rw-p 00000000 00:00 0 
7f0b6f6ba000-7f0b6f6c5000 ---p 00000000 00:00 0 
7f0b6f6c5000-7f0b6f7d0000 rw-p 00000000 00:00 0 
7f0b6f7d0000-7f0b6f7d1000 rw-p 00000000 00:00 0 
7f0b6f7d1000-7f0b6fa41000 rwxp 00000000 00:00 0 
7f0b6fa41000-7f0b727d1000 rw-p 00000000 00:00 0 
7f0b727d1000-7f0b727d8000 r-xp 00000000 08:03 1971566                    /usr/lib/jvm/java-6-openjdk-amd64/jre/lib/amd64/libzip.so
7f0b727d8000-7f0b729d7000 ---p 00007000 08:03 1971566                    /usr/lib/jvm/java-6-openjdk-amd64/jre/lib/amd64/libzip.so
7f0b729d7000-7f0b729d8000 rw-p 00006000 08:03 1971566                    /usr/lib/jvm/java-6-openjdk-amd64/jre/lib/amd64/libzip.so
7f0b729d8000-7f0b729e3000 r-xp 00000000 08:03 276792                     /lib/x86_64-linux-gnu/libnss_files-2.13.so
7f0b729e3000-7f0b72be2000 ---p 0000b000 08:03 276792                     /lib/x86_64-linux-gnu/libnss_files-2.13.so
7f0b72be2000-7f0b72be3000 r--p 0000a000 08:03 276792                     /lib/x86_64-linux-gnu/libnss_files-2.13.so
7f0b72be3000-7f0b72be4000 rw-p 0000b000 08:03 276792                     /lib/x86_64-linux-gnu/libnss_files-2.13.so
7f0b72be4000-7f0b72bee000 r-xp 00000000 08:03 276794                     /lib/x86_64-linux-gnu/libnss_nis-2.13.so
7f0b72bee000-7f0b72ded000 ---p 0000a000 08:03 276794                     /lib/x86_64-linux-gnu/libnss_nis-2.13.so
7f0b72ded000-7f0b72dee000 r--p 00009000 08:03 276794                     /lib/x86_64-linux-gnu/libnss_nis-2.13.so
7f0b72dee000-7f0b72def000 rw-p 0000a000 08:03 276794                     /lib/x86_64-linux-gnu/libnss_nis-2.13.so
7f0b72def000-7f0b72df6000 r-xp 00000000 08:03 276790                     /lib/x86_64-linux-gnu/libnss_compat-2.13.so
7f0b72df6000-7f0b72ff5000 ---p 00007000 08:03 276790                     /lib/x86_64-linux-gnu/libnss_compat-2.13.so
7f0b72ff5000-7f0b72ff6000 r--p 00006000 08:03 276790                     /lib/x86_64-linux-gnu/libnss_compat-2.13.so
7f0b72ff6000-7f0b72ff7000 rw-p 00007000 08:03 276790                     /lib/x86_64-linux-gnu/libnss_compat-2.13.so
7f0b72ff7000-7f0b7300c000 r-xp 00000000 08:03 276789                     /lib/x86_64-linux-gnu/libnsl-2.13.so
7f0b7300c000-7f0b7320b000 ---p 00015000 08:03 276789                     /lib/x86_64-linux-gnu/libnsl-2.13.so
7f0b7320b000-7f0b7320c000 r--p 00014000 08:03 276789                     /lib/x86_64-linux-gnu/libnsl-2.13.so
7f0b7320c000-7f0b7320d000 rw-p 00015000 08:03 276789                     /lib/x86_64-linux-gnu/libnsl-2.13.so
7f0b7320d000-7f0b7320f000 rw-p 00000000 00:00 0 
7f0b7320f000-7f0b7323d000 r-xp 00000000 08:03 1971599                    /usr/lib/jvm/java-6-openjdk-amd64/jre/lib/amd64/libjava.so
7f0b7323d000-7f0b7343c000 ---p 0002e000 08:03 1971599                    /usr/lib/jvm/java-6-openjdk-amd64/jre/lib/amd64/libjava.so
7f0b7343c000-7f0b73440000 rw-p 0002d000 08:03 1971599                    /usr/lib/jvm/java-6-openjdk-amd64/jre/lib/amd64/libjava.so
7f0b73440000-7f0b7344f000 r-xp 00000000 08:03 1971603                    /usr/lib/jvm/java-6-openjdk-amd64/jre/lib/amd64/libverify.so
7f0b7344f000-7f0b7364e000 ---p 0000f000 08:03 1971603                    /usr/lib/jvm/java-6-openjdk-amd64/jre/lib/amd64/libverify.so
7f0b7364e000-7f0b73650000 rw-p 0000e000 08:03 1971603                    /usr/lib/jvm/java-6-openjdk-amd64/jre/lib/amd64/libverify.so
7f0b73650000-7f0b73657000 r-xp 00000000 08:03 276799                     /lib/x86_64-linux-gnu/librt-2.13.so
7f0b73657000-7f0b73856000 ---p 00007000 08:03 276799                     /lib/x86_64-linux-gnu/librt-2.13.so
7f0b73856000-7f0b73857000 r--p 00006000 08:03 276799                     /lib/x86_64-linux-gnu/librt-2.13.so
7f0b73857000-7f0b73858000 rw-p 00007000 08:03 276799                     /lib/x86_64-linux-gnu/librt-2.13.so
7f0b73858000-7f0b7386d000 r-xp 00000000 08:03 262148                     /lib/x86_64-linux-gnu/libgcc_s.so.1
7f0b7386d000-7f0b73a6d000 ---p 00015000 08:03 262148                     /lib/x86_64-linux-gnu/libgcc_s.so.1
7f0b73a6d000-7f0b73a6e000 rw-p 00015000 08:03 262148                     /lib/x86_64-linux-gnu/libgcc_s.so.1
7f0b73a6e000-7f0b73aef000 r-xp 00000000 08:03 276787                     /lib/x86_64-linux-gnu/libm-2.13.so
7f0b73aef000-7f0b73cee000 ---p 00081000 08:03 276787                     /lib/x86_64-linux-gnu/libm-2.13.so
7f0b73cee000-7f0b73cef000 r--p 00080000 08:03 276787                     /lib/x86_64-linux-gnu/libm-2.13.so
7f0b73cef000-7f0b73cf0000 rw-p 00081000 08:03 276787                     /lib/x86_64-linux-gnu/libm-2.13.so
7f0b73cf0000-7f0b73dd8000 r-xp 00000000 08:03 1314600                    /usr/lib/x86_64-linux-gnu/libstdc++.so.6.0.17
7f0b73dd8000-7f0b73fd8000 ---p 000e8000 08:03 1314600                    /usr/lib/x86_64-linux-gnu/libstdc++.so.6.0.17
7f0b73fd8000-7f0b73fe0000 r--p 000e8000 08:03 1314600                    /usr/lib/x86_64-linux-gnu/libstdc++.so.6.0.17
7f0b73fe0000-7f0b73fe2000 rw-p 000f0000 08:03 1314600                    /usr/lib/x86_64-linux-gnu/libstdc++.so.6.0.17
7f0b73fe2000-7f0b73ff7000 rw-p 00000000 00:00 0 
7f0b73ff7000-7f0b749e8000 r-xp 00000000 08:03 1971602                    /usr/lib/jvm/java-6-openjdk-amd64/jre/lib/amd64/server/libjvm.so
7f0b749e8000-7f0b74be7000 ---p 009f1000 08:03 1971602                    /usr/lib/jvm/java-6-openjdk-amd64/jre/lib/amd64/server/libjvm.so
7f0b74be7000-7f0b74c88000 rw-p 009f0000 08:03 1971602                    /usr/lib/jvm/java-6-openjdk-amd64/jre/lib/amd64/server/libjvm.so
7f0b74c88000-7f0b74cb3000 rw-p 00000000 00:00 0 
7f0b74cb3000-7f0b74e35000 r-xp 00000000 08:03 276783                     /lib/x86_64-linux-gnu/libc-2.13.so
7f0b74e35000-7f0b75034000 ---p 00182000 08:03 276783                     /lib/x86_64-linux-gnu/libc-2.13.so
7f0b75034000-7f0b75038000 r--p 00181000 08:03 276783                     /lib/x86_64-linux-gnu/libc-2.13.so
7f0b75038000-7f0b75039000 rw-p 00185000 08:03 276783                     /lib/x86_64-linux-gnu/libc-2.13.so
7f0b75039000-7f0b7503e000 rw-p 00000000 00:00 0 
7f0b7503e000-7f0b75040000 r-xp 00000000 08:03 276786                     /lib/x86_64-linux-gnu/libdl-2.13.so
7f0b75040000-7f0b75240000 ---p 00002000 08:03 276786                     /lib/x86_64-linux-gnu/libdl-2.13.so
7f0b75240000-7f0b75241000 r--p 00002000 08:03 276786                     /lib/x86_64-linux-gnu/libdl-2.13.so
7f0b75241000-7f0b75242000 rw-p 00003000 08:03 276786                     /lib/x86_64-linux-gnu/libdl-2.13.so
7f0b75242000-7f0b75246000 r-xp 00000000 08:03 1971571                    /usr/lib/jvm/java-6-openjdk-amd64/jre/lib/amd64/jli/libjli.so
7f0b75246000-7f0b75445000 ---p 00004000 08:03 1971571                    /usr/lib/jvm/java-6-openjdk-amd64/jre/lib/amd64/jli/libjli.so
7f0b75445000-7f0b75446000 rw-p 00003000 08:03 1971571                    /usr/lib/jvm/java-6-openjdk-amd64/jre/lib/amd64/jli/libjli.so
7f0b75446000-7f0b7545d000 r-xp 00000000 08:03 276797                     /lib/x86_64-linux-gnu/libpthread-2.13.so
7f0b7545d000-7f0b7565c000 ---p 00017000 08:03 276797                     /lib/x86_64-linux-gnu/libpthread-2.13.so
7f0b7565c000-7f0b7565d000 r--p 00016000 08:03 276797                     /lib/x86_64-linux-gnu/libpthread-2.13.so
7f0b7565d000-7f0b7565e000 rw-p 00017000 08:03 276797                     /lib/x86_64-linux-gnu/libpthread-2.13.so
7f0b7565e000-7f0b75662000 rw-p 00000000 00:00 0 
7f0b75662000-7f0b75678000 r-xp 00000000 08:03 262234                     /lib/x86_64-linux-gnu/libz.so.1.2.7
7f0b75678000-7f0b75877000 ---p 00016000 08:03 262234                     /lib/x86_64-linux-gnu/libz.so.1.2.7
7f0b75877000-7f0b75878000 r--p 00015000 08:03 262234                     /lib/x86_64-linux-gnu/libz.so.1.2.7
7f0b75878000-7f0b75879000 rw-p 00016000 08:03 262234                     /lib/x86_64-linux-gnu/libz.so.1.2.7
7f0b75879000-7f0b75899000 r-xp 00000000 08:03 276780                     /lib/x86_64-linux-gnu/ld-2.13.so
7f0b75899000-7f0b7589a000 r--s 00000000 08:03 400737                     /var/cache/fontconfig/62f91419b9ebdb6975e7e41ab6412357-le64.cache-3
7f0b7589a000-7f0b758a1000 r--s 000bf000 00:15 95                         /home/aleph/shared-j/devel/lulzbot/TAZ/3.1/software/2014Q2/firmware/arduino-1.0.5/lib/pde.jar
7f0b758a1000-7f0b758a4000 r--s 00096000 00:15 94                         /home/aleph/shared-j/devel/lulzbot/TAZ/3.1/software/2014Q2/firmware/arduino-1.0.5/lib/jna.jar
7f0b758a4000-7f0b758b3000 r--s 00184000 00:15 93                         /home/aleph/shared-j/devel/lulzbot/TAZ/3.1/software/2014Q2/firmware/arduino-1.0.5/lib/ecj.jar
7f0b758b3000-7f0b758bd000 rw-p 00000000 00:00 0 
7f0b758bd000-7f0b75973000 rw-p 00000000 00:00 0 
7f0b75973000-7f0b75976000 ---p 00000000 00:00 0 
7f0b75976000-7f0b75a79000 rw-p 00000000 00:00 0                          [stack:26219]
7f0b75a79000-7f0b75a7b000 r--s 00029000 00:15 92                         /home/aleph/shared-j/devel/lulzbot/TAZ/3.1/software/2014Q2/firmware/arduino-1.0.5/lib/core.jar
7f0b75a7b000-7f0b75a7d000 r--s 0000d000 00:15 91                         /home/aleph/shared-j/devel/lulzbot/TAZ/3.1/software/2014Q2/firmware/arduino-1.0.5/lib/RXTXcomm.jar
7f0b75a7d000-7f0b75a7f000 r--s 00001000 08:03 1971636                    /usr/lib/jvm/java-6-openjdk-common/jre/lib/ext/dnsns.jar
7f0b75a7f000-7f0b75a81000 r--s 0000f000 08:03 1971642                    /usr/lib/jvm/java-6-openjdk-common/jre/lib/ext/pulse-java.jar
7f0b75a81000-7f0b75a84000 r--s 00077000 08:03 1971634                    /usr/lib/jvm/java-6-openjdk-common/jre/lib/ext/localedata.jar
7f0b75a84000-7f0b75a88000 r--s 00039000 08:03 1971638                    /usr/lib/jvm/java-6-openjdk-common/jre/lib/ext/sunpkcs11.jar
7f0b75a88000-7f0b75a8b000 r--s 00031000 08:03 1971640                    /usr/lib/jvm/java-6-openjdk-common/jre/lib/ext/sunjce_provider.jar
7f0b75a8b000-7f0b75a8c000 r--s 00007000 08:03 1839560                    /usr/share/java/java-atk-wrapper.jar
7f0b75a8c000-7f0b75a94000 rw-s 00000000 08:03 1721350                    /tmp/hsperfdata_aleph/26218
7f0b75a94000-7f0b75a95000 rw-p 00000000 00:00 0 
7f0b75a95000-7f0b75a96000 r--p 00000000 00:00 0 
7f0b75a96000-7f0b75a98000 rw-p 00000000 00:00 0 
7f0b75a98000-7f0b75a99000 r--p 0001f000 08:03 276780                     /lib/x86_64-linux-gnu/ld-2.13.so
7f0b75a99000-7f0b75a9a000 rw-p 00020000 08:03 276780                     /lib/x86_64-linux-gnu/ld-2.13.so
7f0b75a9a000-7f0b75a9b000 rw-p 00000000 00:00 0 
7fff52952000-7fff52973000 rw-p 00000000 00:00 0                          [stack]
7fff529a1000-7fff529a3000 r-xp 00000000 00:00 0                          [vdso]
ffffffffff600000-ffffffffff601000 r-xp 00000000 00:00 0                  [vsyscall]

VM Arguments:
jvm_args: -Dswing.defaultlaf=com.sun.java.swing.plaf.gtk.GTKLookAndFeel 
java_command: processing.app.Base
Launcher Type: SUN_STANDARD

Environment Variables:
CLASSPATH=:java/lib/rt.jar:java/lib/tools.jar:lib/RXTXcomm.jar:lib/core.jar:lib/ecj.jar:lib/jna.jar:lib/pde.jar
PATH=/home/aleph/shared-j/devel/lulzbot/TAZ/3.1/software/2014Q2/firmware/arduino-1.0.5/java/bin:/usr/local/bin:/usr/bin:/bin:/usr/local/games:/usr/games
USERNAME=aleph
LD_LIBRARY_PATH=/usr/lib/jvm/java-6-openjdk-amd64/jre/lib/amd64/server:/usr/lib/jvm/java-6-openjdk-amd64/jre/lib/amd64:/usr/lib/jvm/java-6-openjdk-amd64/jre/../lib/amd64:/home/aleph/shared-j/devel/lulzbot/TAZ/3.1/software/2014Q2/firmware/arduino-1.0.5/lib
SHELL=/bin/bash
DISPLAY=:0.0

Signal Handlers:
SIGSEGV: [libjvm.so+0x84e8b0], sa_mask[0]=0x7ffbfeff, sa_flags=0x10000004
SIGBUS: [libjvm.so+0x84e8b0], sa_mask[0]=0x7ffbfeff, sa_flags=0x10000004
SIGFPE: [libjvm.so+0x6f1af0], sa_mask[0]=0x7ffbfeff, sa_flags=0x10000004
SIGPIPE: SIG_IGN, sa_mask[0]=0x00001000, sa_flags=0x10000000
SIGXFSZ: [libjvm.so+0x6f1af0], sa_mask[0]=0x7ffbfeff, sa_flags=0x10000004
SIGILL: [libjvm.so+0x6f1af0], sa_mask[0]=0x7ffbfeff, sa_flags=0x10000004
SIGUSR1: SIG_DFL, sa_mask[0]=0x00000000, sa_flags=0x00000000
SIGUSR2: [libjvm.so+0x6f1ea0], sa_mask[0]=0x00000000, sa_flags=0x10000004
SIGHUP: [libjvm.so+0x6f1fe0], sa_mask[0]=0x7ffbfeff, sa_flags=0x10000004
SIGINT: [libjvm.so+0x6f1fe0], sa_mask[0]=0x7ffbfeff, sa_flags=0x10000004
SIGTERM: [libjvm.so+0x6f1fe0], sa_mask[0]=0x7ffbfeff, sa_flags=0x10000004
SIGQUIT: [libjvm.so+0x6f1fe0], sa_mask[0]=0x7ffbfeff, sa_flags=0x10000004


---------------  S Y S T E M  ---------------

OS:7.6

uname:Linux 3.14-0.bpo.2-amd64 #1 SMP Debian 3.14.13-2~bpo70+1 (2014-07-31) x86_64
libc:glibc 2.13 NPTL 2.13 
rlimit: STACK 8192k, CORE 0k, NPROC 55524, NOFILE 4096, AS infinity
load average:5.21 4.22 3.60

/proc/meminfo:
MemTotal:        7122840 kB
MemFree:         1759924 kB
MemAvailable:    5021228 kB
Buffers:          370996 kB
Cached:          3296564 kB
SwapCached:            0 kB
Active:          3989776 kB
Inactive:        1069308 kB
Active(anon):    1419756 kB
Inactive(anon):   317512 kB
Active(file):    2570020 kB
Inactive(file):   751796 kB
Unevictable:          16 kB
Mlocked:              16 kB
SwapTotal:       1952764 kB
SwapFree:        1952764 kB
Dirty:              2600 kB
Writeback:             0 kB
AnonPages:       1391580 kB
Mapped:           287912 kB
Shmem:            345776 kB
Slab:             224416 kB
SReclaimable:     192880 kB
SUnreclaim:        31536 kB
KernelStack:        4048 kB
PageTables:        33664 kB
NFS_Unstable:          0 kB
Bounce:                0 kB
WritebackTmp:          0 kB
CommitLimit:     5514184 kB
Committed_AS:    4214796 kB
VmallocTotal:   34359738367 kB
VmallocUsed:      358112 kB
VmallocChunk:   34359370164 kB
HardwareCorrupted:     0 kB
AnonHugePages:         0 kB
HugePages_Total:       0
HugePages_Free:        0
HugePages_Rsvd:        0
HugePages_Surp:        0
Hugepagesize:       2048 kB
DirectMap4k:       77856 kB
DirectMap2M:     7223296 kB


CPU:total 4 (4 cores per cpu, 1 threads per core) family 6 model 58 stepping 9, cmov, cx8, fxsr, mmx, sse, sse2, sse3, ssse3, sse4.1, sse4.2, popcnt, avx, tsc, tscinvbit, tscinv

/proc/cpuinfo:
processor	: 0
vendor_id	: GenuineIntel
cpu family	: 6
model		: 58
model name	: Intel(R) Core(TM) i5-3470S CPU @ 2.90GHz
stepping	: 9
microcode	: 0x15
cpu MHz		: 3199.968
cache size	: 6144 KB
physical id	: 0
siblings	: 4
core id		: 0
cpu cores	: 4
apicid		: 0
initial apicid	: 0
fpu		: yes
fpu_exception	: yes
cpuid level	: 13
wp		: yes
flags		: fpu vme de pse tsc msr pae mce cx8 apic sep mtrr pge mca cmov pat pse36 clflush dts acpi mmx fxsr sse sse2 ss ht tm pbe syscall nx rdtscp lm constant_tsc arch_perfmon pebs bts rep_good nopl xtopology nonstop_tsc aperfmperf eagerfpu pni pclmulqdq dtes64 monitor ds_cpl vmx smx est tm2 ssse3 cx16 xtpr pdcm pcid sse4_1 sse4_2 x2apic popcnt tsc_deadline_timer aes xsave avx f16c rdrand lahf_lm ida arat epb xsaveopt pln pts dtherm tpr_shadow vnmi flexpriority ept vpid fsgsbase smep erms
bogomips	: 5787.08
clflush size	: 64
cache_alignment	: 64
address sizes	: 36 bits physical, 48 bits virtual
power management:

processor	: 1
vendor_id	: GenuineIntel
cpu family	: 6
model		: 58
model name	: Intel(R) Core(TM) i5-3470S CPU @ 2.90GHz
stepping	: 9
microcode	: 0x15
cpu MHz		: 3199.968
cache size	: 6144 KB
physical id	: 0
siblings	: 4
core id		: 1
cpu cores	: 4
apicid		: 2
initial apicid	: 2
fpu		: yes
fpu_exception	: yes
cpuid level	: 13
wp		: yes
flags		: fpu vme de pse tsc msr pae mce cx8 apic sep mtrr pge mca cmov pat pse36 clflush dts acpi mmx fxsr sse sse2 ss ht tm pbe syscall nx rdtscp lm constant_tsc arch_perfmon pebs bts rep_good nopl xtopology nonstop_tsc aperfmperf eagerfpu pni pclmulqdq dtes64 monitor ds_cpl vmx smx est tm2 ssse3 cx16 xtpr pdcm pcid sse4_1 sse4_2 x2apic popcnt tsc_deadline_timer aes xsave avx f16c rdrand lahf_lm ida arat epb xsaveopt pln pts dtherm tpr_shadow vnmi flexpriority ept vpid fsgsbase smep erms
bogomips	: 5787.08
clflush size	: 64
cache_alignment	: 64
address sizes	: 36 bits physical, 48 bits virtual
power management:

processor	: 2
vendor_id	: GenuineIntel
cpu family	: 6
model		: 58
model name	: Intel(R) Core(TM) i5-3470S CPU @ 2.90GHz
stepping	: 9
microcode	: 0x15
cpu MHz		: 3199.968
cache size	: 6144 KB
physical id	: 0
siblings	: 4
core id		: 2
cpu cores	: 4
apicid		: 4
initial apicid	: 4
fpu		: yes
fpu_exception	: yes
cpuid level	: 13
wp		: yes
flags		: fpu vme de pse tsc msr pae mce cx8 apic sep mtrr pge mca cmov pat pse36 clflush dts acpi mmx fxsr sse sse2 ss ht tm pbe syscall nx rdtscp lm constant_tsc arch_perfmon pebs bts rep_good nopl xtopology nonstop_tsc aperfmperf eagerfpu pni pclmulqdq dtes64 monitor ds_cpl vmx smx est tm2 ssse3 cx16 xtpr pdcm pcid sse4_1 sse4_2 x2apic popcnt tsc_deadline_timer aes xsave avx f16c rdrand lahf_lm ida arat epb xsaveopt pln pts dtherm tpr_shadow vnmi flexpriority ept vpid fsgsbase smep erms
bogomips	: 5787.08
clflush size	: 64
cache_alignment	: 64
address sizes	: 36 bits physical, 48 bits virtual
power management:

processor	: 3
vendor_id	: GenuineIntel
cpu family	: 6
model		: 58
model name	: Intel(R) Core(TM) i5-3470S CPU @ 2.90GHz
stepping	: 9
microcode	: 0x15
cpu MHz		: 3199.968
cache size	: 6144 KB
physical id	: 0
siblings	: 4
core id		: 3
cpu cores	: 4
apicid		: 6
initial apicid	: 6
fpu		: yes
fpu_exception	: yes
cpuid level	: 13
wp		: yes
flags		: fpu vme de pse tsc msr pae mce cx8 apic sep mtrr pge mca cmov pat pse36 clflush dts acpi mmx fxsr sse sse2 ss ht tm pbe syscall nx rdtscp lm constant_tsc arch_perfmon pebs bts rep_good nopl xtopology nonstop_tsc aperfmperf eagerfpu pni pclmulqdq dtes64 monitor ds_cpl vmx smx est tm2 ssse3 cx16 xtpr pdcm pcid sse4_1 sse4_2 x2apic popcnt tsc_deadline_timer aes xsave avx f16c rdrand lahf_lm ida arat epb xsaveopt pln pts dtherm tpr_shadow vnmi flexpriority ept vpid fsgsbase smep erms
bogomips	: 5787.08
clflush size	: 64
cache_alignment	: 64
address sizes	: 36 bits physical, 48 bits virtual
power management:



Memory: 4k page, physical 7122840k(1759692k free), swap 1952764k(1952764k free)

vm_info: OpenJDK 64-Bit Server VM (23.25-b01) for linux-amd64 JRE (1.6.0_32-b32), built on Jul 17 2014 11:23:55 by "buildd" with gcc 4.7.2

time: Wed Oct  8 07:12:28 2014
elapsed time: 65150 seconds

